#
# A fatal error has been detected by the Java Runtime Environment:
#
#  SIGSEGV (0xb) at pc=0x00007f4ff9c4eb0a, pid=8804, tid=0x00007f4f97fff700
#
# JRE version: Java(TM) SE Runtime Environment (8.0_121-b13) (build 1.8.0_121-b13)
# Java VM: Java HotSpot(TM) 64-Bit Server VM (25.121-b13 mixed mode linux-amd64 compressed oops)
# Problematic frame:
# C  [ld-linux-x86-64.so.2+0x9b0a]
#
# Failed to write core dump. Core dumps have been disabled. To enable core dumping, try "ulimit -c unlimited" before starting Java again
#
# If you would like to submit a bug report, please visit:
#   http://bugreport.java.com/bugreport/crash.jsp
# The crash happened outside the Java Virtual Machine in native code.
# See problematic frame for where to report the bug.
#

---------------  T H R E A D  ---------------

Current thread (0x00007f4f98003000):  JavaThread "Thread-1" [_thread_in_native, id=9732, stack(0x00007f4f97eff000,0x00007f4f98000000)]

siginfo: si_signo: 11 (SIGSEGV), si_code: 1 (SEGV_MAPERR), si_addr: 0x000000000000090c

Registers:
RAX=0x0000000000000033, RBX=0x0000000000000033, RCX=0x0000000000000002, RDX=0x0000000000000000
RSP=0x00007f4f97ffd8f0, RBP=0x00007f4ff05114e0, RSI=0x0000000000000000, RDI=0x00007f4f8c000df0
R8 =0x0000000000000000, R9 =0x0000000000000908, R10=0x00007f4ff9e6b040, R11=0x00007f4fc241441c
R12=0x0000000000000440, R13=0x00000000000009c8, R14=0x00007f4fc2414420, R15=0x0000000051ee1ae5
RIP=0x00007f4ff9c4eb0a, EFLAGS=0x0000000000010206, CSGSFS=0x0000000000000033, ERR=0x0000000000000004
  TRAPNO=0x000000000000000e

Top of Stack: (sp=0x00007f4f97ffd8f0)
0x00007f4f97ffd8f0:   00007f4f97ffd8f0 0000000000000033
0x00007f4f97ffd900:   00007f4ff05114e0 0000000000000440
0x00007f4f97ffd910:   00000000000009c8 00007f4ff9c4f47b
0x00007f4f97ffd920:   0000000000000033 00000000000009c8
0x00007f4f97ffd930:   00007f4ff05114e0 00007f4f97ffd9d8
0x00007f4f97ffd940:   00007f4f97ffd9d4 00007f4f97ffe110
0x00007f4f97ffd950:   00007f4ff59781a9 00007f4f8c000df0
0x00007f4f97ffd960:   0000000000000000 00007f4f97ffd9d8
0x00007f4f97ffd970:   0000000051ee1ae5 000000000147b86b
0x00007f4f97ffd980:   00007f4f00000025 00007f4f97ffdab0
0x00007f4f97ffd990:   00000000000009c8 0000000000000440
0x00007f4f97ffd9a0:   00007f4f97ffd9d4 00007f4f97ffdaa0
0x00007f4f97ffd9b0:   00007f4ff051ab00 00007f4f00000000
0x00007f4f97ffd9c0:   0000000000000009 0000000000000004
0x00007f4f97ffd9d0:   0000000097ffd9e0 0000000000000000
0x00007f4f97ffd9e0:   656e696665646e75 00007f4ff0511868
0x00007f4f97ffd9f0:   00007f4f97ffdb40 0000000000000000
0x00007f4f97ffda00:   0000000000000000 00007f4ff05114e0
0x00007f4f97ffda10:   00007f4f97ffdb88 00007f4ff9c4f94f
0x00007f4f97ffda20:   0000000000000000 0000000000000000
0x00007f4f97ffda30:   0000000000000002 0000000000000000
0x00007f4f97ffda40:   0000000000000000 00007f4ff05114e0
0x00007f4f97ffda50:   00007f4ff59781c0 00000000dad84458
0x00007f4f97ffda60:   00007f4f97ffe420 0000000000000000
0x00007f4f97ffda70:   00007f4ff0511868 00007f4f97ffdab0
0x00007f4f97ffda80:   0000000098003000 00007f4f97ffdaa0
0x00007f4f97ffda90:   0000000051ee1ae5 00007f4f8c000df0
0x00007f4f97ffdaa0:   00000000ffffffff 00000000000000d8
0x00007f4f97ffdab0:   0000000000000000 0000000000000000
0x00007f4f97ffdac0:   00007f4ff59781c0 00007f4f98003000
0x00007f4f97ffdad0:   00007f4ff9c64af0 00007f4f8c000df0
0x00007f4f97ffdae0:   00007f4ff9c646a6 00007f4ff9c646a6 

Instructions: (pc=0x00007f4ff9c4eb0a)
0x00007f4ff9c4eaea:   ff ff e9 d5 f9 ff ff 66 2e 0f 1f 84 00 00 00 00
0x00007f4ff9c4eafa:   00 0f 1f 44 00 00 41 55 41 54 55 53 48 83 ec 08
0x00007f4ff9c4eb0a:   41 0f b6 41 04 4c 8b 64 24 40 83 e0 0f 49 83 79
0x00007f4ff9c4eb1a:   08 00 75 08 3c 06 0f 85 01 01 00 00 45 31 d2 66 

Register to memory mapping:

RAX=0x0000000000000033 is an unknown value
RBX=0x0000000000000033 is an unknown value
RCX=0x0000000000000002 is an unknown value
RDX=0x0000000000000000 is an unknown value
RSP=0x00007f4f97ffd8f0 is pointing into the stack for thread: 0x00007f4f98003000
RBP=0x00007f4ff05114e0 is an unknown value
RSI=0x0000000000000000 is an unknown value
RDI=0x00007f4f8c000df0 is an unknown value
R8 =0x0000000000000000 is an unknown value
R9 =0x0000000000000908 is an unknown value
R10=0x00007f4ff9e6b040: _rtld_global+0 in /lib64/ld-linux-x86-64.so.2 at 0x00007f4ff9c45000
R11=
[error occurred during error reporting (printing register info), id 0xb]

Stack: [0x00007f4f97eff000,0x00007f4f98000000],  sp=0x00007f4f97ffd8f0,  free space=1018k
Native frames: (J=compiled Java code, j=interpreted, Vv=VM code, C=native code)
C  [ld-linux-x86-64.so.2+0x9b0a]

Java frames: (J=compiled Java code, j=interpreted, Vv=VM code)
j  java.lang.ClassLoader$NativeLibrary.find(Ljava/lang/String;)J+0
j  java.lang.ClassLoader.findNative(Ljava/lang/ClassLoader;Ljava/lang/String;)J+49
v  ~StubRoutines::call_stub
j  net.rubygrapefruit.platform.internal.jni.TerminfoFunctions.reset(Lnet/rubygrapefruit/platform/internal/FunctionResult;)V+0
j  net.rubygrapefruit.platform.internal.TerminfoTerminal.reset()Lnet/rubygrapefruit/platform/Terminal;+9
j  net.rubygrapefruit.platform.internal.WrapperTerminal.reset()Lnet/rubygrapefruit/platform/Terminal;+18
j  net.rubygrapefruit.platform.internal.AbstractTerminals$1.run()V+4
v  ~StubRoutines::call_stub

---------------  P R O C E S S  ---------------

Java Threads: ( => current thread )
=>0x00007f4f98003000 JavaThread "Thread-1" [_thread_in_native, id=9732, stack(0x00007f4f97eff000,0x00007f4f98000000)]
  0x00007f4fb8001000 JavaThread "SIGHUP handler" daemon [_thread_blocked, id=9730, stack(0x00007f4fc01da000,0x00007f4fc02db000)]
  0x00007f4ff1e5b000 JavaThread "File lock request listener" [_thread_in_native, id=8828, stack(0x00007f4fc0c85000,0x00007f4fc0d86000)]
  0x00007f4ff1097000 JavaThread "pool-1-thread-1" [_thread_blocked, id=8825, stack(0x00007f4fc13c0000,0x00007f4fc14c1000)]
  0x00007f4ff00c0800 JavaThread "Service Thread" daemon [_thread_blocked, id=8823, stack(0x00007f4fe09fa000,0x00007f4fe0afb000)]
  0x00007f4ff00be000 JavaThread "C1 CompilerThread2" daemon [_thread_in_native, id=8822, stack(0x00007f4fe0afb000,0x00007f4fe0bfc000)]
  0x00007f4ff00bc000 JavaThread "C2 CompilerThread1" daemon [_thread_in_native, id=8821, stack(0x00007f4fe0bfc000,0x00007f4fe0cfd000)]
  0x00007f4ff00b9000 JavaThread "C2 CompilerThread0" daemon [_thread_in_native, id=8820, stack(0x00007f4fe0cfd000,0x00007f4fe0dfe000)]
  0x00007f4ff00b8000 JavaThread "Signal Dispatcher" daemon [_thread_blocked, id=8819, stack(0x00007f4fe0dfe000,0x00007f4fe0eff000)]
  0x00007f4ff0084000 JavaThread "Finalizer" daemon [_thread_blocked, id=8818, stack(0x00007f4fe0eff000,0x00007f4fe1000000)]
  0x00007f4ff007f000 JavaThread "Reference Handler" daemon [_thread_blocked, id=8817, stack(0x00007f4ff406f000,0x00007f4ff4170000)]
  0x00007f4ff0009800 JavaThread "main" [_thread_in_vm, id=8811, stack(0x00007f4ff9d46000,0x00007f4ff9e47000)]

Other Threads:
  0x00007f4ff0077800 VMThread [stack: 0x00007f4ff4170000,0x00007f4ff4271000] [id=8816]
  0x00007f4ff00c3800 WatcherThread [stack: 0x00007f4fe08f9000,0x00007f4fe09fa000] [id=8824]

VM state:not at safepoint (normal execution)

VM Mutex/Monitor currently owned by a thread:  ([mutex/lock_event])
[0x00007f4ff0005a70] SymbolTable_lock - owner thread: 0x0000000000000000

Heap:
 PSYoungGen      total 104960K, used 72585K [0x00000000d6f00000, 0x00000000dfb00000, 0x0000000100000000)
  eden space 98816K, 67% used [0x00000000d6f00000,0x00000000dafe5eb0,0x00000000dcf80000)
  from space 6144K, 99% used [0x00000000df500000,0x00000000dfafc6f8,0x00000000dfb00000)
  to   space 10240K, 0% used [0x00000000de700000,0x00000000de700000,0x00000000df100000)
 ParOldGen       total 58368K, used 7900K [0x0000000084c00000, 0x0000000088500000, 0x00000000d6f00000)
  object space 58368K, 13% used [0x0000000084c00000,0x00000000853b7078,0x0000000088500000)
 Metaspace       used 30768K, capacity 31276K, committed 31616K, reserved 1077248K
  class space    used 4266K, capacity 4453K, committed 4480K, reserved 1048576K

Card table byte_map: [0x00007f4ff6712000,0x00007f4ff6aed000] byte_map_base: 0x00007f4ff62ec000

Marking Bits: (ParMarkBitMap*) 0x00007f4ff9217c80
 Begin Bits: [0x00007f4fd8260000, 0x00007f4fda130000)
 End Bits:   [0x00007f4fda130000, 0x00007f4fdc000000)

Polling page: 0x00007f4ff9e67000

CodeCache: size=245760Kb used=8521Kb max_used=8535Kb free=237238Kb
 bounds [0x00007f4fe1000000, 0x00007f4fe1860000, 0x00007f4ff0000000]
 total_blobs=3153 nmethods=2499 adapters=567
 compilation: enabled

Compilation events (10 events):
Event: 13546,947 Thread 0x00007f4ff00be000 2515       3       com.google.common.collect.AbstractMapBasedMultimap$WrappedCollection$WrappedIterator::validateIterator (30 bytes)
Event: 13546,947 Thread 0x00007f4ff00be000 nmethod 2515 0x00007f4fe18247d0 code [0x00007f4fe1824960, 0x00007f4fe1824c78]
Event: 13546,947 Thread 0x00007f4ff00be000 2516       3       com.google.common.collect.Maps::immutableEntry (10 bytes)
Event: 13546,947 Thread 0x00007f4ff00be000 nmethod 2516 0x00007f4fe1824250 code [0x00007f4fe18243c0, 0x00007f4fe1824690]
Event: 13546,955 Thread 0x00007f4ff00bc000 nmethod 2478 0x00007f4fe1822150 code [0x00007f4fe1822300, 0x00007f4fe1822858]
Event: 13546,955 Thread 0x00007f4ff00bc000 2513       4       java.lang.Class::reflectionData (49 bytes)
Event: 13546,964 Thread 0x00007f4ff00bc000 nmethod 2513 0x00007f4fe18281d0 code [0x00007f4fe1828360, 0x00007f4fe18288d8]
Event: 13546,964 Thread 0x00007f4ff00bc000 2476       4       java.util.ArrayDeque::poll (5 bytes)
Event: 13546,965 Thread 0x00007f4ff00bc000 nmethod 2476 0x00007f4fe181f010 code [0x00007f4fe181f160, 0x00007f4fe181f218]
Event: 13546,965 Thread 0x00007f4ff00b9000 nmethod 2507 0x00007f4fe184ea90 code [0x00007f4fe184eca0, 0x00007f4fe184fc80]

GC Heap History (10 events):
Event: 1,324 GC heap before
{Heap before GC invocations=3 (full 0):
 PSYoungGen      total 36864K, used 36838K [0x00000000d6f00000, 0x00000000db700000, 0x0000000100000000)
  eden space 31744K, 100% used [0x00000000d6f00000,0x00000000d8e00000,0x00000000d8e00000)
  from space 5120K, 99% used [0x00000000d9300000,0x00000000d97f99b0,0x00000000d9800000)
  to   space 5120K, 0% used [0x00000000d8e00000,0x00000000d8e00000,0x00000000d9300000)
 ParOldGen       total 84992K, used 250K [0x0000000084c00000, 0x0000000089f00000, 0x00000000d6f00000)
  object space 84992K, 0% used [0x0000000084c00000,0x0000000084c3e940,0x0000000089f00000)
 Metaspace       used 16901K, capacity 17198K, committed 17280K, reserved 1064960K
  class space    used 2328K, capacity 2410K, committed 2432K, reserved 1048576K
Event: 1,335 GC heap after
Heap after GC invocations=3 (full 0):
 PSYoungGen      total 36864K, used 5104K [0x00000000d6f00000, 0x00000000db700000, 0x0000000100000000)
  eden space 31744K, 0% used [0x00000000d6f00000,0x00000000d6f00000,0x00000000d8e00000)
  from space 5120K, 99% used [0x00000000d8e00000,0x00000000d92fc050,0x00000000d9300000)
  to   space 5120K, 0% used [0x00000000db200000,0x00000000db200000,0x00000000db700000)
 ParOldGen       total 84992K, used 4149K [0x0000000084c00000, 0x0000000089f00000, 0x00000000d6f00000)
  object space 84992K, 4% used [0x0000000084c00000,0x000000008500d5a0,0x0000000089f00000)
 Metaspace       used 16901K, capacity 17198K, committed 17280K, reserved 1064960K
  class space    used 2328K, capacity 2410K, committed 2432K, reserved 1048576K
}
Event: 1,860 GC heap before
{Heap before GC invocations=4 (full 0):
 PSYoungGen      total 36864K, used 36848K [0x00000000d6f00000, 0x00000000db700000, 0x0000000100000000)
  eden space 31744K, 100% used [0x00000000d6f00000,0x00000000d8e00000,0x00000000d8e00000)
  from space 5120K, 99% used [0x00000000d8e00000,0x00000000d92fc050,0x00000000d9300000)
  to   space 5120K, 0% used [0x00000000db200000,0x00000000db200000,0x00000000db700000)
 ParOldGen       total 84992K, used 4149K [0x0000000084c00000, 0x0000000089f00000, 0x00000000d6f00000)
  object space 84992K, 4% used [0x0000000084c00000,0x000000008500d5a0,0x0000000089f00000)
 Metaspace       used 20244K, capacity 20416K, committed 20608K, reserved 1067008K
  class space    used 2784K, capacity 2861K, committed 2944K, reserved 1048576K
Event: 1,876 GC heap after
Heap after GC invocations=4 (full 0):
 PSYoungGen      total 68608K, used 5104K [0x00000000d6f00000, 0x00000000db700000, 0x0000000100000000)
  eden space 63488K, 0% used [0x00000000d6f00000,0x00000000d6f00000,0x00000000dad00000)
  from space 5120K, 99% used [0x00000000db200000,0x00000000db6fc020,0x00000000db700000)
  to   space 5120K, 0% used [0x00000000dad00000,0x00000000dad00000,0x00000000db200000)
 ParOldGen       total 84992K, used 8037K [0x0000000084c00000, 0x0000000089f00000, 0x00000000d6f00000)
  object space 84992K, 9% used [0x0000000084c00000,0x00000000853d9450,0x0000000089f00000)
 Metaspace       used 20244K, capacity 20416K, committed 20608K, reserved 1067008K
  class space    used 2784K, capacity 2861K, committed 2944K, reserved 1048576K
}
Event: 1,971 GC heap before
{Heap before GC invocations=5 (full 0):
 PSYoungGen      total 68608K, used 14267K [0x00000000d6f00000, 0x00000000db700000, 0x0000000100000000)
  eden space 63488K, 14% used [0x00000000d6f00000,0x00000000d77f2fc0,0x00000000dad00000)
  from space 5120K, 99% used [0x00000000db200000,0x00000000db6fc020,0x00000000db700000)
  to   space 5120K, 0% used [0x00000000dad00000,0x00000000dad00000,0x00000000db200000)
 ParOldGen       total 84992K, used 8037K [0x0000000084c00000, 0x0000000089f00000, 0x00000000d6f00000)
  object space 84992K, 9% used [0x0000000084c00000,0x00000000853d9450,0x0000000089f00000)
 Metaspace       used 20858K, capacity 21148K, committed 21248K, reserved 1067008K
  class space    used 2878K, capacity 2997K, committed 3072K, reserved 1048576K
Event: 1,985 GC heap after
Heap after GC invocations=5 (full 0):
 PSYoungGen      total 68608K, used 5088K [0x00000000d6f00000, 0x00000000dff00000, 0x0000000100000000)
  eden space 63488K, 0% used [0x00000000d6f00000,0x00000000d6f00000,0x00000000dad00000)
  from space 5120K, 99% used [0x00000000dad00000,0x00000000db1f8030,0x00000000db200000)
  to   space 10240K, 0% used [0x00000000df500000,0x00000000df500000,0x00000000dff00000)
 ParOldGen       total 84992K, used 9001K [0x0000000084c00000, 0x0000000089f00000, 0x00000000d6f00000)
  object space 84992K, 10% used [0x0000000084c00000,0x00000000854ca4e0,0x0000000089f00000)
 Metaspace       used 20858K, capacity 21148K, committed 21248K, reserved 1067008K
  class space    used 2878K, capacity 2997K, committed 3072K, reserved 1048576K
}
Event: 1,985 GC heap before
{Heap before GC invocations=6 (full 1):
 PSYoungGen      total 68608K, used 5088K [0x00000000d6f00000, 0x00000000dff00000, 0x0000000100000000)
  eden space 63488K, 0% used [0x00000000d6f00000,0x00000000d6f00000,0x00000000dad00000)
  from space 5120K, 99% used [0x00000000dad00000,0x00000000db1f8030,0x00000000db200000)
  to   space 10240K, 0% used [0x00000000df500000,0x00000000df500000,0x00000000dff00000)
 ParOldGen       total 84992K, used 9001K [0x0000000084c00000, 0x0000000089f00000, 0x00000000d6f00000)
  object space 84992K, 10% used [0x0000000084c00000,0x00000000854ca4e0,0x0000000089f00000)
 Metaspace       used 20858K, capacity 21148K, committed 21248K, reserved 1067008K
  class space    used 2878K, capacity 2997K, committed 3072K, reserved 1048576K
Event: 2,050 GC heap after
Heap after GC invocations=6 (full 1):
 PSYoungGen      total 68608K, used 0K [0x00000000d6f00000, 0x00000000dff00000, 0x0000000100000000)
  eden space 63488K, 0% used [0x00000000d6f00000,0x00000000d6f00000,0x00000000dad00000)
  from space 5120K, 0% used [0x00000000dad00000,0x00000000dad00000,0x00000000db200000)
  to   space 10240K, 0% used [0x00000000df500000,0x00000000df500000,0x00000000dff00000)
 ParOldGen       total 58368K, used 7900K [0x0000000084c00000, 0x0000000088500000, 0x00000000d6f00000)
  object space 58368K, 13% used [0x0000000084c00000,0x00000000853b7078,0x0000000088500000)
 Metaspace       used 20858K, capacity 21148K, committed 21248K, reserved 1067008K
  class space    used 2878K, capacity 2997K, committed 3072K, reserved 1048576K
}
Event: 3,032 GC heap before
{Heap before GC invocations=7 (full 1):
 PSYoungGen      total 68608K, used 63488K [0x00000000d6f00000, 0x00000000dff00000, 0x0000000100000000)
  eden space 63488K, 100% used [0x00000000d6f00000,0x00000000dad00000,0x00000000dad00000)
  from space 5120K, 0% used [0x00000000dad00000,0x00000000dad00000,0x00000000db200000)
  to   space 10240K, 0% used [0x00000000df500000,0x00000000df500000,0x00000000dff00000)
 ParOldGen       total 58368K, used 7900K [0x0000000084c00000, 0x0000000088500000, 0x00000000d6f00000)
  object space 58368K, 13% used [0x0000000084c00000,0x00000000853b7078,0x0000000088500000)
 Metaspace       used 26386K, capacity 26838K, committed 27264K, reserved 1073152K
  class space    used 3695K, capacity 3867K, committed 3968K, reserved 1048576K
Event: 3,049 GC heap after
Heap after GC invocations=7 (full 1):
 PSYoungGen      total 104960K, used 6129K [0x00000000d6f00000, 0x00000000dfb00000, 0x0000000100000000)
  eden space 98816K, 0% used [0x00000000d6f00000,0x00000000d6f00000,0x00000000dcf80000)
  from space 6144K, 99% used [0x00000000df500000,0x00000000dfafc6f8,0x00000000dfb00000)
  to   space 10240K, 0% used [0x00000000de700000,0x00000000de700000,0x00000000df100000)
 ParOldGen       total 58368K, used 7900K [0x0000000084c00000, 0x0000000088500000, 0x00000000d6f00000)
  object space 58368K, 13% used [0x0000000084c00000,0x00000000853b7078,0x0000000088500000)
 Metaspace       used 26386K, capacity 26838K, committed 27264K, reserved 1073152K
  class space    used 3695K, capacity 3867K, committed 3968K, reserved 1048576K
}

Deoptimization events (10 events):
Event: 3,585 Thread 0x00007f4ff0009800 Uncommon trap: reason=class_check action=maybe_recompile pc=0x00007f4fe1755684 method=java.util.regex.Pattern$Start.match(Ljava/util/regex/Matcher;ILjava/lang/CharSequence;)Z @ 44
Event: 3,585 Thread 0x00007f4ff0009800 Uncommon trap: reason=class_check action=maybe_recompile pc=0x00007f4fe1755684 method=java.util.regex.Pattern$Start.match(Ljava/util/regex/Matcher;ILjava/lang/CharSequence;)Z @ 44
Event: 3,585 Thread 0x00007f4ff0009800 Uncommon trap: reason=class_check action=maybe_recompile pc=0x00007f4fe1755684 method=java.util.regex.Pattern$Start.match(Ljava/util/regex/Matcher;ILjava/lang/CharSequence;)Z @ 44
Event: 3,628 Thread 0x00007f4ff0009800 Uncommon trap: reason=unstable_if action=reinterpret pc=0x00007f4fe131866c method=java.lang.ThreadLocal$ThreadLocalMap.getEntry(Ljava/lang/ThreadLocal;)Ljava/lang/ThreadLocal$ThreadLocalMap$Entry; @ 29
Event: 3,659 Thread 0x00007f4ff0009800 Uncommon trap: reason=bimorphic action=maybe_recompile pc=0x00007f4fe17652b4 method=java.lang.ClassLoader.getPackage(Ljava/lang/String;)Ljava/lang/Package; @ 47
Event: 3,661 Thread 0x00007f4ff0009800 Uncommon trap: reason=bimorphic action=maybe_recompile pc=0x00007f4fe17652b4 method=java.lang.ClassLoader.getPackage(Ljava/lang/String;)Ljava/lang/Package; @ 47
Event: 3,662 Thread 0x00007f4ff0009800 Uncommon trap: reason=bimorphic action=maybe_recompile pc=0x00007f4fe17652b4 method=java.lang.ClassLoader.getPackage(Ljava/lang/String;)Ljava/lang/Package; @ 47
Event: 3,663 Thread 0x00007f4ff0009800 Uncommon trap: reason=bimorphic action=maybe_recompile pc=0x00007f4fe17652b4 method=java.lang.ClassLoader.getPackage(Ljava/lang/String;)Ljava/lang/Package; @ 47
Event: 3,715 Thread 0x00007f4ff0009800 Uncommon trap: reason=bimorphic action=maybe_recompile pc=0x00007f4fe17d8b84 method=java.lang.ClassLoader.getPackage(Ljava/lang/String;)Ljava/lang/Package; @ 47
Event: 3,823 Thread 0x00007f4ff0009800 Uncommon trap: reason=unstable_if action=reinterpret pc=0x00007f4fe1750e3c method=sun.security.provider.DigestBase.engineUpdate([BII)V @ 35

Internal exceptions (10 events):
Event: 3,623 Thread 0x00007f4ff0009800 Exception <a 'java/lang/ClassNotFoundException': org/codehaus/groovy/runtime/GStringImplBeanInfo> (0x00000000d8cc6930) thrown at [/HUDSON3/workspace/8-2-build-linux-amd64/jdk8u121/8372/hotspot/src/share/vm/classfile/systemDictionary.cpp, line 210]
Event: 3,624 Thread 0x00007f4ff0009800 Exception <a 'java/lang/ClassNotFoundException': org/codehaus/groovy/runtime/GStringImplCustomizer> (0x00000000d8ced078) thrown at [/HUDSON3/workspace/8-2-build-linux-amd64/jdk8u121/8372/hotspot/src/share/vm/classfile/systemDictionary.cpp, line 210]
Event: 3,648 Thread 0x00007f4ff0009800 Exception <a 'java/lang/ClassNotFoundException': build_az7888pwvj5osdw30swdg19caBeanInfo> (0x00000000d8e63c40) thrown at [/HUDSON3/workspace/8-2-build-linux-amd64/jdk8u121/8372/hotspot/src/share/vm/classfile/systemDictionary.cpp, line 210]
Event: 3,648 Thread 0x00007f4ff0009800 Exception <a 'java/lang/ClassNotFoundException': build_az7888pwvj5osdw30swdg19caCustomizer> (0x00000000d8e72960) thrown at [/HUDSON3/workspace/8-2-build-linux-amd64/jdk8u121/8372/hotspot/src/share/vm/classfile/systemDictionary.cpp, line 210]
Event: 3,653 Thread 0x00007f4ff0009800 Exception <a 'java/lang/ClassNotFoundException': org/gradle/api/internal/plugins/DefaultObjectConfigurationActionBeanInfo> (0x00000000d8ec61a0) thrown at [/HUDSON3/workspace/8-2-build-linux-amd64/jdk8u121/8372/hotspot/src/share/vm/classfile/systemDictiona
Event: 3,654 Thread 0x00007f4ff0009800 Exception <a 'java/lang/ClassNotFoundException': org/gradle/api/internal/plugins/DefaultObjectConfigurationActionCustomizer> (0x00000000d8ef1c80) thrown at [/HUDSON3/workspace/8-2-build-linux-amd64/jdk8u121/8372/hotspot/src/share/vm/classfile/systemDictio
Event: 3,655 Thread 0x00007f4ff0009800 Exception <a 'java/lang/ClassNotFoundException': org/gradle/api/plugins/ObjectConfigurationActionBeanInfo> (0x00000000d8f2b918) thrown at [/HUDSON3/workspace/8-2-build-linux-amd64/jdk8u121/8372/hotspot/src/share/vm/classfile/systemDictionary.cpp, line 210
Event: 3,656 Thread 0x00007f4ff0009800 Exception <a 'java/lang/ClassNotFoundException': org/gradle/api/plugins/ObjectConfigurationActionCustomizer> (0x00000000d8f506a0) thrown at [/HUDSON3/workspace/8-2-build-linux-amd64/jdk8u121/8372/hotspot/src/share/vm/classfile/systemDictionary.cpp, line 2
Event: 4,023 Thread 0x00007f4ff0009800 Exception <a 'java/lang/ClassNotFoundException': org/gradle/api/plugins/BasePluginConventionBeanInfo> (0x00000000da66e2b8) thrown at [/HUDSON3/workspace/8-2-build-linux-amd64/jdk8u121/8372/hotspot/src/share/vm/classfile/systemDictionary.cpp, line 210]
Event: 4,024 Thread 0x00007f4ff0009800 Exception <a 'java/lang/ClassNotFoundException': org/gradle/api/plugins/BasePluginConventionCustomizer> (0x00000000da6a0010) thrown at [/HUDSON3/workspace/8-2-build-linux-amd64/jdk8u121/8372/hotspot/src/share/vm/classfile/systemDictionary.cpp, line 210]

Events (10 events):
Event: 13546,990 loading class java/util/EnumMap$ValueIterator done
Event: 13546,990 loading class java/util/IdentityHashMap$KeySet done
Event: 13546,990 loading class java/util/IdentityHashMap$KeyIterator
Event: 13546,991 loading class java/util/IdentityHashMap$IdentityHashMapIterator
Event: 13546,991 loading class org/gradle/model/internal/manage/schema/ModelProperty
Event: 13546,991 loading class org/gradle/model/internal/manage/schema/ModelProperty done
Event: 13546,991 loading class java/util/IdentityHashMap$IdentityHashMapIterator done
Event: 13546,991 loading class java/util/IdentityHashMap$KeyIterator done
Event: 13546,991 Thread 0x00007f4f98001800 Thread added: 0x00007f4f98001800
Event: 13546,991 Thread 0x00007f4f98003000 Thread added: 0x00007f4f98003000


Dynamic libraries:
00400000-00401000 r-xp 00000000 08:05 1459767                            /usr/lib/jvm/java-8-oracle/bin/java
00600000-00601000 rw-p 00000000 08:05 1459767                            /usr/lib/jvm/java-8-oracle/bin/java
00cc4000-00ce5000 rw-p 00000000 00:00 0                                  [heap]
84c00000-88500000 rw-p 00000000 00:00 0 
88500000-d6f00000 ---p 00000000 00:00 0 
d6f00000-dfb00000 rw-p 00000000 00:00 0 
dfb00000-100000000 ---p 00000000 00:00 0 
100000000-100460000 rw-p 00000000 00:00 0 
100460000-140000000 ---p 00000000 00:00 0 
7f4f8c000000-7f4f8c021000 rw-p 00000000 00:00 0 
7f4f8c021000-7f4f90000000 ---p 00000000 00:00 0 
7f4f90000000-7f4f90021000 rw-p 00000000 00:00 0 
7f4f90021000-7f4f94000000 ---p 00000000 00:00 0 
7f4f97eff000-7f4f97f02000 ---p 00000000 00:00 0 
7f4f97f02000-7f4f98000000 rw-p 00000000 00:00 0 
7f4f98000000-7f4f98021000 rw-p 00000000 00:00 0 
7f4f98021000-7f4f9c000000 ---p 00000000 00:00 0 
7f4f9c000000-7f4f9c021000 rw-p 00000000 00:00 0 
7f4f9c021000-7f4fa0000000 ---p 00000000 00:00 0 
7f4fa0000000-7f4fa0021000 rw-p 00000000 00:00 0 
7f4fa0021000-7f4fa4000000 ---p 00000000 00:00 0 
7f4fa4000000-7f4fa4021000 rw-p 00000000 00:00 0 
7f4fa4021000-7f4fa8000000 ---p 00000000 00:00 0 
7f4fa8000000-7f4fa8a98000 rw-p 00000000 00:00 0 
7f4fa8a98000-7f4fac000000 ---p 00000000 00:00 0 
7f4fac000000-7f4fac021000 rw-p 00000000 00:00 0 
7f4fac021000-7f4fb0000000 ---p 00000000 00:00 0 
7f4fb0000000-7f4fb1cae000 rw-p 00000000 00:00 0 
7f4fb1cae000-7f4fb4000000 ---p 00000000 00:00 0 
7f4fb4000000-7f4fb5c86000 rw-p 00000000 00:00 0 
7f4fb5c86000-7f4fb8000000 ---p 00000000 00:00 0 
7f4fb8000000-7f4fb8021000 rw-p 00000000 00:00 0 
7f4fb8021000-7f4fbc000000 ---p 00000000 00:00 0 
7f4fbc000000-7f4fbc021000 rw-p 00000000 00:00 0 
7f4fbc021000-7f4fc0000000 ---p 00000000 00:00 0 
7f4fc00d9000-7f4fc00dc000 ---p 00000000 00:00 0 
7f4fc00dc000-7f4fc01da000 rw-p 00000000 00:00 0 
7f4fc01da000-7f4fc01dd000 ---p 00000000 00:00 0 
7f4fc01dd000-7f4fc035b000 rw-p 00000000 00:00 0 
7f4fc035b000-7f4fc04db000 ---p 00000000 00:00 0 
7f4fc04db000-7f4fc06db000 rw-p 00000000 00:00 0 
7f4fc06db000-7f4fc0706000 r--s 001fc000 08:05 3424019                    /home/raditya/.gradle/caches/modules-2/files-2.1/com.google.guava/guava/18.0/cce0823396aa693798f8882e64213b1772032b09/guava-18.0.jar
7f4fc0706000-7f4fc0707000 r--s 00001000 08:05 3424018                    /home/raditya/.gradle/caches/modules-2/files-2.1/com.android.tools/annotations/25.2.3/a9970f79003cbf4aaaf26a5590aca7066f209347/annotations-25.2.3.jar
7f4fc0707000-7f4fc071a000 r--s 000b2000 08:05 3424017                    /home/raditya/.gradle/caches/modules-2/files-2.1/com.android.tools.external.com-intellij/uast/145.597.4/6b430796bdb6563146affb34fb840c64e8d1d3b1/uast-145.597.4.jar
7f4fc071a000-7f4fc0722000 r--s 000a8000 08:05 3424016                    /home/raditya/.gradle/caches/modules-2/files-2.1/com.android.tools.external.lombok/lombok-ast/0.2.3/528b6f8bde3157f17530aa366631f2aad2a6cf9/lombok-ast-0.2.3.jar
7f4fc0722000-7f4fc0724000 r--s 0000d000 08:05 3424015                    /home/raditya/.gradle/caches/modules-2/files-2.1/commons-codec/commons-codec/1.4/4216af16d38465bbab0f3dff8efa14204f7a399a/commons-codec-1.4.jar
7f4fc0724000-7f4fc0726000 r--s 0000d000 08:05 3424014                    /home/raditya/.gradle/caches/modules-2/files-2.1/commons-logging/commons-logging/1.1.1/5043bfebc3db072ed80fbd362e7caf00e885d8ae/commons-logging-1.1.1.jar
7f4fc0726000-7f4fc072b000 r--s 00028000 08:05 3424013                    /home/raditya/.gradle/caches/modules-2/files-2.1/org.apache.httpcomponents/httpcore/4.1/33fc26c02f8043ab0ede19eadc8c9885386b255c/httpcore-4.1.jar
7f4fc072b000-7f4fc072f000 r--s 0002f000 08:05 3424012                    /home/raditya/.gradle/caches/modules-2/files-2.1/com.google.jimfs/jimfs/1.1/8fbd0579dc68aba6186935cc1bee21d2f3e7ec1c/jimfs-1.1.jar
7f4fc072f000-7f4fc0730000 r--s 00004000 08:05 3424010                    /home/raditya/.gradle/caches/modules-2/files-2.1/com.intellij/annotations/12.0/bbcf6448f6d40abe506e2c83b70a3e8bfd2b4539/annotations-12.0.jar
7f4fc0730000-7f4fc0731000 r--s 00004000 08:05 3424009                    /home/raditya/.gradle/caches/modules-2/files-2.1/org.ow2.asm/asm-analysis/5.0.4/51f5031331a56c462a3cc5126e21ab65958759a9/asm-analysis-5.0.4.jar
7f4fc0731000-7f4fc0735000 r--s 0003b000 08:05 3424008                    /home/raditya/.gradle/caches/modules-2/files-2.1/com.android.tools.lint/lint-api/25.2.3/fb7afa11dcda11d5bf0fcd3dcfec3e13ee921057/lint-api-25.2.3.jar
7f4fc0735000-7f4fc0736000 r--s 0000a000 08:05 3424007                    /home/raditya/.gradle/caches/modules-2/files-2.1/net.sf.kxml/kxml2/2.3.0/ccbc77a5fd907ef863c29f3596c6f54ffa4e9442/kxml2-2.3.0.jar
7f4fc0736000-7f4fc0738000 r--s 00005000 08:05 3424006                    /home/raditya/.gradle/caches/modules-2/files-2.1/org.apache.httpcomponents/httpmime/4.1/9ba2dcdf94ce35c8a8e9bff242db0618ca932e92/httpmime-4.1.jar
7f4fc0738000-7f4fc0740000 r--s 0004e000 08:05 3424005                    /home/raditya/.gradle/caches/modules-2/files-2.1/org.apache.httpcomponents/httpclient/4.1.1/3d1d918f32709e33ba7ddb2c4e8d1c543ebe713e/httpclient-4.1.1.jar
7f4fc0740000-7f4fc0747000 r--s 00053000 08:05 3424004                    /home/raditya/.gradle/caches/modules-2/files-2.1/org.apache.commons/commons-compress/1.8.1/a698750c16740fd5b3871425f4cb3bbaa87f529d/commons-compress-1.8.1.jar
7f4fc0747000-7f4fc074c000 r--s 0002a000 08:05 3424003                    /home/raditya/.gradle/caches/modules-2/files-2.1/com.google.code.gson/gson/2.2.4/a60a5e993c98c864010053cb901b7eab25306568/gson-2.2.4.jar
7f4fc074c000-7f4fc0751000 r--s 0002d000 08:05 3424002                    /home/raditya/.gradle/caches/modules-2/files-2.1/com.android.tools/repository/25.2.3/179dee8115834f40bd9b39675da3a0273174c3ca/repository-25.2.3.jar
7f4fc0751000-7f4fc0752000 r--s 00005000 08:05 3424001                    /home/raditya/.gradle/caches/modules-2/files-2.1/com.android.tools/dvlib/25.2.3/5afd79f645811a98c0519141cc13900c659091a8/dvlib-25.2.3.jar
7f4fc0752000-7f4fc0755000 r--s 00014000 08:05 3424000                    /home/raditya/.gradle/caches/modules-2/files-2.1/com.android.tools.layoutlib/layoutlib-api/25.2.3/ead9944caa7cba814184148efe69faf8896f4478/layoutlib-api-25.2.3.jar
7f4fc0755000-7f4fc0759000 r--s 00037000 08:05 3423999                    /home/raditya/.gradle/caches/modules-2/files-2.1/org.antlr/ST4/4.0.8/a1c55e974f8a94d78e2348fa6ff63f4fa1fae64/ST4-4.0.8.jar
7f4fc0759000-7f4fc075c000 r--s 00026000 08:05 3423998                    /home/raditya/.gradle/caches/modules-2/files-2.1/org.antlr/antlr-runtime/3.5.2/cd9cd41361c155f3af0f653009dcecb08d8b4afd/antlr-runtime-3.5.2.jar
7f4fc075c000-7f4fc0761000 r--s 00058000 08:05 3423997                    /home/raditya/.gradle/caches/modules-2/files-2.1/org.ow2.asm/asm-debug-all/5.0.1/f69b5f7d96cec0d448acf1c1a266584170c9643b/asm-debug-all-5.0.1.jar
7f4fc0761000-7f4fc0771000 r--s 000d6000 08:05 3423996                    /home/raditya/.gradle/caches/modules-2/files-2.1/net.sf.proguard/proguard-base/5.2.1/4f61348b4e7c943b85679dcb697f3a5fc3101921/proguard-base-5.2.1.jar
7f4fc0771000-7f4fc0774000 r--s 00033000 08:05 3423995                    /home/raditya/.gradle/caches/modules-2/files-2.1/com.googlecode.juniversalchardet/juniversalchardet/1.0.3/cd49678784c46aa8789c060538e0154013bb421b/juniversalchardet-1.0.3.jar
7f4fc0774000-7f4fc0778000 r--s 0002a000 08:05 3423994                    /home/raditya/.gradle/caches/modules-2/files-2.1/commons-io/commons-io/2.4/b1b6ea3b7e4aa4f492509a4952029cd8e48019ad/commons-io-2.4.jar
7f4fc0778000-7f4fc078f000 r--s 00154000 08:05 3423993                    /home/raditya/.gradle/caches/modules-2/files-2.1/org.antlr/antlr4/4.5.3/f35db7e4b2446e4174ba6a73db7bd6b3e6bb5da1/antlr4-4.5.3.jar
7f4fc078f000-7f4fc0790000 r--s 00002000 08:05 3423992                    /home/raditya/.gradle/caches/modules-2/files-2.1/com.android.databinding/baseLibrary/2.2.3/b4b51d1925cdfda98fd861230c1ecb5855500129/baseLibrary-2.2.3.jar
7f4fc0790000-7f4fc07a3000 r--s 00236000 08:05 3423991                    /home/raditya/.gradle/caches/modules-2/files-2.1/org.eclipse.jdt.core.compiler/ecj/4.5.1/bee1367ac12fb6a20b422ff8711ebeb4f0a42316/ecj-4.5.1.jar
7f4fc07a3000-7f4fc07aa000 r--s 000c3000 08:05 3423990                    /home/raditya/.gradle/caches/modules-2/files-2.1/com.android.tools.lint/lint-checks/25.2.3/eae71c1f5ce54195dc821133e3a5df8145de8ff5/lint-checks-25.2.3.jar
7f4fc07aa000-7f4fc07ac000 r--s 00006000 08:05 3423989                    /home/raditya/.gradle/caches/modules-2/files-2.1/org.ow2.asm/asm-tree/5.0.4/396ce0c07ba2b481f25a70195c7c94922f0d1b0b/asm-tree-5.0.4.jar
7f4fc07ac000-7f4fc07df000 r--s 00203000 08:05 3423988                    /home/raditya/.gradle/caches/modules-2/files-2.1/org.bouncycastle/bcprov-jdk15on/1.48/960dea7c9181ba0b17e8bab0c06a43f0a5f04e65/bcprov-jdk15on-1.48.jar
7f4fc07df000-7f4fc07ed000 r--s 00081000 08:05 3423987                    /home/raditya/.gradle/caches/modules-2/files-2.1/org.bouncycastle/bcpkix-jdk15on/1.48/28b7614b908a47844bb27e3c94b45b6893656265/bcpkix-jdk15on-1.48.jar
7f4fc07ed000-7f4fc07ef000 r--s 00002000 08:05 3423986                    /home/raditya/.gradle/caches/modules-2/files-2.1/com.squareup/javawriter/2.5.0/81241ff7078ef14f42ea2a8995fa09c096256e6b/javawriter-2.5.0.jar
7f4fc07ef000-7f4fc07f0000 r--s 00002000 08:05 3423985                    /home/raditya/.gradle/caches/modules-2/files-2.1/com.android.tools.analytics-library/tracker/25.2.3/c807f7b3d9aa3cee795ecac620d22c5ca7dd92e1/tracker-25.2.3.jar
7f4fc07f0000-7f4fc07f2000 r--s 00003000 08:05 3423984                    /home/raditya/.gradle/caches/modules-2/files-2.1/com.android.tools.analytics-library/shared/25.2.3/785426dac20cfe596e4cf36d01aad930ffdcb05c/shared-25.2.3.jar
7f4fc07f2000-7f4fc07ff000 r--s 000ed000 08:05 3423983                    /home/raditya/.gradle/caches/modules-2/files-2.1/com.android.tools.analytics-library/protos/25.2.3/821098054f9667d0f2536d7f2d0200d8bdd9c898/protos-25.2.3.jar
7f4fc07ff000-7f4fc0800000 r--s 00001000 08:05 3423982                    /home/raditya/.gradle/caches/modules-2/files-2.1/com.android.tools.jill/jill-api/0.10.0/7dfd6360ae4af1e171ec67b92e0cf065d59eef19/jill-api-0.10.0.jar
7f4fc0800000-7f4fc0802000 r--s 00003000 08:05 3423981                    /home/raditya/.gradle/caches/modules-2/files-2.1/com.android.tools.jack/jack-api/0.11.0/ccda6afebd2b9cf60886c601ea561bba62c35c70/jack-api-0.11.0.jar
7f4fc0802000-7f4fc0807000 r--s 0004a000 08:05 3423980                    /home/raditya/.gradle/caches/modules-2/files-2.1/com.android.tools.ddms/ddmlib/25.2.3/2b66df9156f476b0ccee44b378cd09073118ff59/ddmlib-25.2.3.jar
7f4fc0807000-7f4fc080a000 r--s 00021000 08:05 3423979                    /home/raditya/.gradle/caches/modules-2/files-2.1/com.android.tools.build/manifest-merger/25.2.3/d0212c507be4c38c39f4ee06a7df5a44f500ed3b/manifest-merger-25.2.3.jar
7f4fc080a000-7f4fc080c000 r--s 0001c000 08:05 3423978                    /home/raditya/.gradle/caches/modules-2/files-2.1/com.android.tools/common/25.2.3/255aa01048bebb511d828c6a5fc668df13b8f39d/common-25.2.3.jar
7f4fc080c000-7f4fc0814000 r--s 00084000 08:05 3423977                    /home/raditya/.gradle/caches/modules-2/files-2.1/com.android.tools/sdk-common/25.2.3/2c49ca3df5bb961473b096bab2a615a7cda50dc/sdk-common-25.2.3.jar
7f4fc0814000-7f4fc081f000 r--s 0008e000 08:05 3423975                    /home/raditya/.gradle/caches/modules-2/files-2.1/com.android.tools/sdklib/25.2.3/9f12cfc56b1df4e42fa2b73f9936b586b9a56a2/sdklib-25.2.3.jar
7f4fc081f000-7f4fc0820000 r--s 00002000 08:05 3423974                    /home/raditya/.gradle/caches/modules-2/files-2.1/com.android.tools.build/builder-test-api/2.2.3/700079fc243c217dbd6250ac01d2d6210ca8a0d6/builder-test-api-2.2.3.jar
7f4fc0820000-7f4fc0823000 r--s 00005000 08:05 3423973                    /home/raditya/.gradle/caches/modules-2/files-2.1/com.android.tools.build/builder-model/2.2.3/eddf6035ce0a31651527b4c3cc239428e877c43a/builder-model-2.2.3.jar
7f4fc0823000-7f4fc082d000 r--s 00110000 08:05 3423972                    /home/raditya/.gradle/caches/modules-2/files-2.1/org.antlr/antlr/3.5.2/c4a65c950bfc3e7d04309c515b2177c00baf7764/antlr-3.5.2.jar
7f4fc082d000-7f4fc0835000 r--s 0007b000 08:05 3423971                    /home/raditya/.gradle/caches/modules-2/files-2.1/com.google.protobuf/protobuf-java/2.5.0/a10732c76bfacdbd633a7eb0f7968b1059a65dfa/protobuf-java-2.5.0.jar
7f4fc0835000-7f4fc0837000 r--s 0000f000 08:05 3423970                    /home/raditya/.gradle/caches/modules-2/files-2.1/net.sf.jopt-simple/jopt-simple/4.9/ee9e9eaa0a35360dcfeac129ff4923215fd65904/jopt-simple-4.9.jar
7f4fc0837000-7f4fc083b000 r--s 0001f000 08:05 3423969                    /home/raditya/.gradle/caches/modules-2/files-2.1/org.jacoco/org.jacoco.report/0.7.5.201505241946/cb1ac5562a45c98cd7b774452f3e8b867b71cd65/org.jacoco.report-0.7.5.201505241946.jar
7f4fc083b000-7f4fc083f000 r--s 0001d000 08:05 3423968                    /home/raditya/.gradle/caches/modules-2/files-2.1/org.jacoco/org.jacoco.core/0.7.5.201505241946/1ea906dc5201d2a1bc0604f8650534d4bcaf4c95/org.jacoco.core-0.7.5.201505241946.jar
7f4fc083f000-7f4fc0840000 r--s 00002000 08:05 3423967                    /home/raditya/.gradle/caches/modules-2/files-2.1/net.sf.proguard/proguard-gradle/5.2.1/5e9956c050fd84fa043517e77c4c0ff175a6b002/proguard-gradle-5.2.1.jar
7f4fc0840000-7f4fc0842000 r--s 00009000 08:05 3423966                    /home/raditya/.gradle/caches/modules-2/files-2.1/org.ow2.asm/asm-commons/5.0.4/5a556786086c23cd689a0328f8519db93821c04c/asm-commons-5.0.4.jar
7f4fc0842000-7f4fc0844000 r--s 0000c000 08:05 3423965                    /home/raditya/.gradle/caches/modules-2/files-2.1/org.ow2.asm/asm/5.0.4/da08b8cce7bbf903602a25a3a163ae252435795/asm-5.0.4.jar
7f4fc0844000-7f4fc0848000 r--s 0002b000 08:05 3423964                    /home/raditya/.gradle/caches/modules-2/files-2.1/com.android.databinding/compilerCommon/2.2.3/8c3829022a54acd042b5382a4a873ee2d64c29ee/compilerCommon-2.2.3.jar
7f4fc0848000-7f4fc0849000 r--s 00002000 08:05 3423963                    /home/raditya/.gradle/caches/modules-2/files-2.1/com.android.tools.build/gradle-api/2.2.3/9a45614f789d4aab624d2a61983263885f42b615/gradle-api-2.2.3.jar
7f4fc0849000-7f4fc084a000 r--s 00000000 08:05 3423962                    /home/raditya/.gradle/caches/modules-2/files-2.1/com.android.tools.build/transform-api/2.0.0-deprecated-use-gradle-api/85bee1acea9e27152b920746c68133b30b11431/transform-api-2.0.0-deprecated-use-gradle-api.jar
7f4fc084a000-7f4fc084f000 r--s 00053000 08:05 3423961                    /home/raditya/.gradle/caches/modules-2/files-2.1/com.android.tools.lint/lint/25.2.3/aa03a3669f2913b9bc6f5f4fba4418f974e48cb7/lint-25.2.3.jar
7f4fc084f000-7f4fc0866000 r--s 0015e000 08:05 3423960                    /home/raditya/.gradle/caches/modules-2/files-2.1/com.android.tools.build/builder/2.2.3/13e7339544e824a3a5f8ecff42173c013791578b/builder-2.2.3.jar
7f4fc0866000-7f4fc0883000 r--s 0019d000 08:05 3423959                    /home/raditya/.gradle/caches/modules-2/files-2.1/com.android.tools.build/gradle-core/2.2.3/3a777b0626810e0ccdced7d750ac4b60c279616c/gradle-core-2.2.3.jar
7f4fc0883000-7f4fc0885000 r--s 0000d000 08:05 3423957                    /home/raditya/.gradle/caches/modules-2/files-2.1/com.android.tools.build/gradle/2.2.3/7b8f79621d95e3ce1e95c0852db14d9d7e1d1951/gradle-2.2.3.jar
7f4fc0885000-7f4fc0a85000 rw-p 00000000 00:00 0 
7f4fc0a85000-7f4fc0c85000 rw-p 00000000 00:00 0 
7f4fc0c85000-7f4fc0c88000 ---p 00000000 00:00 0 
7f4fc0c88000-7f4fc0d86000 rw-p 00000000 00:00 0 
7f4fc0d86000-7f4fc0d89000 ---p 00000000 00:00 0 
7f4fc0d89000-7f4fc0dbf000 rw-p 00000000 00:00 0 
7f4fc0dbf000-7f4fc0dc0000 r--p 00000000 00:00 0 
7f4fc0dc0000-7f4fc0fc0000 rw-p 00000000 00:00 0 
7f4fc0fc0000-7f4fc11c0000 rw-p 00000000 00:00 0 
7f4fc11c0000-7f4fc13c0000 rw-p 00000000 00:00 0 
7f4fc13c0000-7f4fc13c3000 ---p 00000000 00:00 0 
7f4fc13c3000-7f4fc16c1000 rw-p 00000000 00:00 0 
7f4fc16c1000-7f4fc18c1000 rw-p 00000000 00:00 0 
7f4fc18c1000-7f4fc193b000 r--s 010f6000 08:05 1458868                    /usr/lib/jvm/java-8-oracle/lib/tools.jar
7f4fc193b000-7f4fc1b3b000 rw-p 00000000 00:00 0 
7f4fc1b3b000-7f4fc1b3d000 r--s 00007000 08:05 2892723                    /home/raditya/.gradle/wrapper/dists/gradle-2.14.1-all/8bnwg5hd3w55iofp58khbp6yv/gradle-2.14.1/lib/plugins/gradle-tooling-api-builders-2.14.1.jar
7f4fc1b3d000-7f4fc1b40000 r--s 00008000 08:05 2892716                    /home/raditya/.gradle/wrapper/dists/gradle-2.14.1-all/8bnwg5hd3w55iofp58khbp6yv/gradle-2.14.1/lib/plugins/gradle-testing-native-2.14.1.jar
7f4fc1b40000-7f4fc1b42000 r--s 00009000 08:05 2892795                    /home/raditya/.gradle/wrapper/dists/gradle-2.14.1-all/8bnwg5hd3w55iofp58khbp6yv/gradle-2.14.1/lib/plugins/hamcrest-core-1.3.jar
7f4fc1b42000-7f4fc1b48000 r--s 00033000 08:05 2892789                    /home/raditya/.gradle/wrapper/dists/gradle-2.14.1-all/8bnwg5hd3w55iofp58khbp6yv/gradle-2.14.1/lib/plugins/snakeyaml-1.6.jar
7f4fc1b48000-7f4fc1b4a000 r--s 00006000 08:05 2892788                    /home/raditya/.gradle/wrapper/dists/gradle-2.14.1-all/8bnwg5hd3w55iofp58khbp6yv/gradle-2.14.1/lib/plugins/jcommander-1.12.jar
7f4fc1b4a000-7f4fc1b4f000 r--s 00040000 08:05 2892787                    /home/raditya/.gradle/wrapper/dists/gradle-2.14.1-all/8bnwg5hd3w55iofp58khbp6yv/gradle-2.14.1/lib/plugins/bsh-2.0b4.jar
7f4fc1b4f000-7f4fc1b58000 r--s 00089000 08:05 2892746                    /home/raditya/.gradle/wrapper/dists/gradle-2.14.1-all/8bnwg5hd3w55iofp58khbp6yv/gradle-2.14.1/lib/plugins/testng-6.3.1.jar
7f4fc1b58000-7f4fc1b60000 r--s 00045000 08:05 2892745                    /home/raditya/.gradle/wrapper/dists/gradle-2.14.1-all/8bnwg5hd3w55iofp58khbp6yv/gradle-2.14.1/lib/plugins/junit-4.12.jar
7f4fc1b60000-7f4fc1b66000 r--s 0002e000 08:05 2892717                    /home/raditya/.gradle/wrapper/dists/gradle-2.14.1-all/8bnwg5hd3w55iofp58khbp6yv/gradle-2.14.1/lib/plugins/gradle-testing-jvm-2.14.1.jar
7f4fc1b66000-7f4fc1b6b000 r--s 00015000 08:05 2892715                    /home/raditya/.gradle/wrapper/dists/gradle-2.14.1-all/8bnwg5hd3w55iofp58khbp6yv/gradle-2.14.1/lib/plugins/gradle-testing-base-2.14.1.jar
7f4fc1b6b000-7f4fc1b6c000 r--s 00002000 08:05 2892739                    /home/raditya/.gradle/wrapper/dists/gradle-2.14.1-all/8bnwg5hd3w55iofp58khbp6yv/gradle-2.14.1/lib/plugins/sonar-batch-bootstrapper-2.9.jar
7f4fc1b6c000-7f4fc1b6f000 r--s 00015000 08:05 2892693                    /home/raditya/.gradle/wrapper/dists/gradle-2.14.1-all/8bnwg5hd3w55iofp58khbp6yv/gradle-2.14.1/lib/plugins/gradle-sonar-2.14.1.jar
7f4fc1b6f000-7f4fc1b76000 r--s 00038000 08:05 2892740                    /home/raditya/.gradle/wrapper/dists/gradle-2.14.1-all/8bnwg5hd3w55iofp58khbp6yv/gradle-2.14.1/lib/plugins/bcpg-jdk15on-1.51.jar
7f4fc1b76000-7f4fc1b78000 r--s 0000d000 08:05 2892694                    /home/raditya/.gradle/wrapper/dists/gradle-2.14.1-all/8bnwg5hd3w55iofp58khbp6yv/gradle-2.14.1/lib/plugins/gradle-signing-2.14.1.jar
7f4fc1b78000-7f4fc1b7b000 r--s 00009000 08:05 2892692                    /home/raditya/.gradle/wrapper/dists/gradle-2.14.1-all/8bnwg5hd3w55iofp58khbp6yv/gradle-2.14.1/lib/plugins/gradle-scala-2.14.1.jar
7f4fc1b7b000-7f4fc1b7c000 r--s 00004000 08:05 2892721                    /home/raditya/.gradle/wrapper/dists/gradle-2.14.1-all/8bnwg5hd3w55iofp58khbp6yv/gradle-2.14.1/lib/plugins/gradle-resources-sftp-2.14.1.jar
7f4fc1b7c000-7f4fc1b8c000 r--s 00088000 08:05 2892756                    /home/raditya/.gradle/wrapper/dists/gradle-2.14.1-all/8bnwg5hd3w55iofp58khbp6yv/gradle-2.14.1/lib/plugins/joda-time-2.8.2.jar
7f4fc1b8c000-7f4fc1b9d000 r--s 000cf000 08:05 2892755                    /home/raditya/.gradle/wrapper/dists/gradle-2.14.1-all/8bnwg5hd3w55iofp58khbp6yv/gradle-2.14.1/lib/plugins/jackson-databind-2.3.2.jar
7f4fc1b9d000-7f4fc1b9f000 r--s 00007000 08:05 2892754                    /home/raditya/.gradle/wrapper/dists/gradle-2.14.1-all/8bnwg5hd3w55iofp58khbp6yv/gradle-2.14.1/lib/plugins/jackson-annotations-2.3.2.jar
7f4fc1b9f000-7f4fc1ba2000 r--s 0002e000 08:05 2892753                    /home/raditya/.gradle/wrapper/dists/gradle-2.14.1-all/8bnwg5hd3w55iofp58khbp6yv/gradle-2.14.1/lib/plugins/jackson-core-2.3.2.jar
7f4fc1ba2000-7f4fc1bad000 r--s 0006b000 08:05 2892752                    /home/raditya/.gradle/wrapper/dists/gradle-2.14.1-all/8bnwg5hd3w55iofp58khbp6yv/gradle-2.14.1/lib/plugins/aws-java-sdk-core-1.9.19.jar
7f4fc1bad000-7f4fc1bb3000 r--s 00036000 08:05 2892751                    /home/raditya/.gradle/wrapper/dists/gradle-2.14.1-all/8bnwg5hd3w55iofp58khbp6yv/gradle-2.14.1/lib/plugins/aws-java-sdk-kms-1.9.19.jar
7f4fc1bb3000-7f4fc1bbe000 r--s 00079000 08:05 2892750                    /home/raditya/.gradle/wrapper/dists/gradle-2.14.1-all/8bnwg5hd3w55iofp58khbp6yv/gradle-2.14.1/lib/plugins/aws-java-sdk-s3-1.9.19.jar
7f4fc1bbe000-7f4fc1bbf000 r--s 00003000 08:05 2892722                    /home/raditya/.gradle/wrapper/dists/gradle-2.14.1-all/8bnwg5hd3w55iofp58khbp6yv/gradle-2.14.1/lib/plugins/gradle-resources-s3-2.14.1.jar
7f4fc1bbf000-7f4fc1bc1000 r--s 00005000 08:05 2892744                    /home/raditya/.gradle/wrapper/dists/gradle-2.14.1-all/8bnwg5hd3w55iofp58khbp6yv/gradle-2.14.1/lib/plugins/jatl-0.2.2.jar
7f4fc1bc1000-7f4fc1bc3000 r--s 0000f000 08:05 2892699                    /home/raditya/.gradle/wrapper/dists/gradle-2.14.1-all/8bnwg5hd3w55iofp58khbp6yv/gradle-2.14.1/lib/plugins/gradle-reporting-2.14.1.jar
7f4fc1bc3000-7f4fc1bc5000 r--s 00002000 08:05 2892700                    /home/raditya/.gradle/wrapper/dists/gradle-2.14.1-all/8bnwg5hd3w55iofp58khbp6yv/gradle-2.14.1/lib/plugins/gradle-publish-2.14.1.jar
7f4fc1bc5000-7f4fc1bc7000 r--s 00009000 08:05 2892726                    /home/raditya/.gradle/wrapper/dists/gradle-2.14.1-all/8bnwg5hd3w55iofp58khbp6yv/gradle-2.14.1/lib/plugins/commons-cli-1.2.jar
7f4fc1bc7000-7f4fc1bcd000 r--s 00033000 08:05 2892684                    /home/raditya/.gradle/wrapper/dists/gradle-2.14.1-all/8bnwg5hd3w55iofp58khbp6yv/gradle-2.14.1/lib/plugins/gradle-plugins-2.14.1.jar
7f4fc1bcd000-7f4fc1bcf000 r--s 00007000 08:05 2892718                    /home/raditya/.gradle/wrapper/dists/gradle-2.14.1-all/8bnwg5hd3w55iofp58khbp6yv/gradle-2.14.1/lib/plugins/gradle-plugin-development-2.14.1.jar
7f4fc1bcf000-7f4fc1bd5000 r--s 0002a000 08:05 2892711                    /home/raditya/.gradle/wrapper/dists/gradle-2.14.1-all/8bnwg5hd3w55iofp58khbp6yv/gradle-2.14.1/lib/plugins/gradle-platform-play-2.14.1.jar
7f4fc1bd5000-7f4fc1be2000 r--s 0004d000 08:05 2892710                    /home/raditya/.gradle/wrapper/dists/gradle-2.14.1-all/8bnwg5hd3w55iofp58khbp6yv/gradle-2.14.1/lib/plugins/gradle-platform-native-2.14.1.jar
7f4fc1be2000-7f4fc1be6000 r--s 0001a000 08:05 2892705                    /home/raditya/.gradle/wrapper/dists/gradle-2.14.1-all/8bnwg5hd3w55iofp58khbp6yv/gradle-2.14.1/lib/plugins/gradle-platform-jvm-2.14.1.jar
7f4fc1be6000-7f4fc1bed000 r--s 00029000 08:05 2892704                    /home/raditya/.gradle/wrapper/dists/gradle-2.14.1-all/8bnwg5hd3w55iofp58khbp6yv/gradle-2.14.1/lib/plugins/gradle-platform-base-2.14.1.jar
7f4fc1bed000-7f4fc1c0e000 r--s 001c3000 08:05 2892734                    /home/raditya/.gradle/wrapper/dists/gradle-2.14.1-all/8bnwg5hd3w55iofp58khbp6yv/gradle-2.14.1/lib/plugins/bndlib-2.4.0.jar
7f4fc1c0e000-7f4fc1c10000 r--s 00003000 08:05 2892688                    /home/raditya/.gradle/wrapper/dists/gradle-2.14.1-all/8bnwg5hd3w55iofp58khbp6yv/gradle-2.14.1/lib/plugins/gradle-osgi-2.14.1.jar
7f4fc1c10000-7f4fc1c13000 r--s 0000c000 08:05 2892737                    /home/raditya/.gradle/wrapper/dists/gradle-2.14.1-all/8bnwg5hd3w55iofp58khbp6yv/gradle-2.14.1/lib/plugins/pmaven-groovy-0.8-20100325.jar
7f4fc1c13000-7f4fc1c14000 r--s 00004000 08:05 2892736                    /home/raditya/.gradle/wrapper/dists/gradle-2.14.1-all/8bnwg5hd3w55iofp58khbp6yv/gradle-2.14.1/lib/plugins/pmaven-common-0.8-20100325.jar
7f4fc1c14000-7f4fc1c1a000 r--s 00022000 08:05 2892689                    /home/raditya/.gradle/wrapper/dists/gradle-2.14.1-all/8bnwg5hd3w55iofp58khbp6yv/gradle-2.14.1/lib/plugins/gradle-maven-2.14.1.jar
7f4fc1c1a000-7f4fc1c1c000 r--s 0000a000 08:05 2892709                    /home/raditya/.gradle/wrapper/dists/gradle-2.14.1-all/8bnwg5hd3w55iofp58khbp6yv/gradle-2.14.1/lib/plugins/gradle-language-scala-2.14.1.jar
7f4fc1c1c000-7f4fc1c22000 r--s 0001a000 08:05 2892713                    /home/raditya/.gradle/wrapper/dists/gradle-2.14.1-all/8bnwg5hd3w55iofp58khbp6yv/gradle-2.14.1/lib/plugins/gradle-language-native-2.14.1.jar
7f4fc1c22000-7f4fc1c24000 r--s 00008000 08:05 2892706                    /home/raditya/.gradle/wrapper/dists/gradle-2.14.1-all/8bnwg5hd3w55iofp58khbp6yv/gradle-2.14.1/lib/plugins/gradle-language-jvm-2.14.1.jar
7f4fc1c24000-7f4fc1c2a000 r--s 00024000 08:05 2892707                    /home/raditya/.gradle/wrapper/dists/gradle-2.14.1-all/8bnwg5hd3w55iofp58khbp6yv/gradle-2.14.1/lib/plugins/gradle-language-java-2.14.1.jar
7f4fc1c2a000-7f4fc1c2c000 r--s 0000a000 08:05 2892708                    /home/raditya/.gradle/wrapper/dists/gradle-2.14.1-all/8bnwg5hd3w55iofp58khbp6yv/gradle-2.14.1/lib/plugins/gradle-language-groovy-2.14.1.jar
7f4fc1c2c000-7f4fc1c2f000 r--s 0001e000 08:05 2892762                    /home/raditya/.gradle/wrapper/dists/gradle-2.14.1-all/8bnwg5hd3w55iofp58khbp6yv/gradle-2.14.1/lib/plugins/jsp-api-2.1-6.1.14.jar
7f4fc1c2f000-7f4fc1c52000 r--s 00344000 08:05 2892761                    /home/raditya/.gradle/wrapper/dists/gradle-2.14.1-all/8bnwg5hd3w55iofp58khbp6yv/gradle-2.14.1/lib/plugins/core-3.1.1.jar
7f4fc1c52000-7f4fc1c53000 r--s 00006000 08:05 2892760                    /home/raditya/.gradle/wrapper/dists/gradle-2.14.1-all/8bnwg5hd3w55iofp58khbp6yv/gradle-2.14.1/lib/plugins/jetty-naming-6.1.25.jar
7f4fc1c53000-7f4fc1c54000 r--s 00002000 08:05 2892733                    /home/raditya/.gradle/wrapper/dists/gradle-2.14.1-all/8bnwg5hd3w55iofp58khbp6yv/gradle-2.14.1/lib/plugins/geronimo-annotation_1.0_spec-1.0.jar
7f4fc1c54000-7f4fc1c56000 r--s 00002000 08:05 2892732                    /home/raditya/.gradle/wrapper/dists/gradle-2.14.1-all/8bnwg5hd3w55iofp58khbp6yv/gradle-2.14.1/lib/plugins/jetty-annotations-6.1.25.jar
7f4fc1c56000-7f4fc1c67000 r--s 000ea000 08:05 2892731                    /home/raditya/.gradle/wrapper/dists/gradle-2.14.1-all/8bnwg5hd3w55iofp58khbp6yv/gradle-2.14.1/lib/plugins/jsp-2.1-6.1.14.jar
7f4fc1c67000-7f4fc1c69000 r--s 0000d000 08:05 2892730                    /home/raditya/.gradle/wrapper/dists/gradle-2.14.1-all/8bnwg5hd3w55iofp58khbp6yv/gradle-2.14.1/lib/plugins/jetty-plus-6.1.25.jar
7f4fc1c69000-7f4fc1c6b000 r--s 0001f000 08:05 2892729                    /home/raditya/.gradle/wrapper/dists/gradle-2.14.1-all/8bnwg5hd3w55iofp58khbp6yv/gradle-2.14.1/lib/plugins/servlet-api-2.5-20081211.jar
7f4fc1c6b000-7f4fc1c6f000 r--s 00028000 08:05 2892728                    /home/raditya/.gradle/wrapper/dists/gradle-2.14.1-all/8bnwg5hd3w55iofp58khbp6yv/gradle-2.14.1/lib/plugins/jetty-util-6.1.25.jar
7f4fc1c6f000-7f4fc1c76000 r--s 0007d000 08:05 2892727                    /home/raditya/.gradle/wrapper/dists/gradle-2.14.1-all/8bnwg5hd3w55iofp58khbp6yv/gradle-2.14.1/lib/plugins/jetty-6.1.25.jar
7f4fc1c76000-7f4fc1c78000 r--s 00009000 08:05 2892686                    /home/raditya/.gradle/wrapper/dists/gradle-2.14.1-all/8bnwg5hd3w55iofp58khbp6yv/gradle-2.14.1/lib/plugins/gradle-jetty-2.14.1.jar
7f4fc1c78000-7f4fc1c7f000 r--s 00035000 08:05 2892743                    /home/raditya/.gradle/wrapper/dists/gradle-2.14.1-all/8bnwg5hd3w55iofp58khbp6yv/gradle-2.14.1/lib/plugins/simple-4.1.21.jar
7f4fc1c7f000-7f4fc1c8b000 r--s 00100000 08:05 2892741                    /home/raditya/.gradle/wrapper/dists/gradle-2.14.1-all/8bnwg5hd3w55iofp58khbp6yv/gradle-2.14.1/lib/plugins/rhino-1.7R3.jar
7f4fc1c8b000-7f4fc1c8f000 r--s 00011000 08:05 2892696                    /home/raditya/.gradle/wrapper/dists/gradle-2.14.1-all/8bnwg5hd3w55iofp58khbp6yv/gradle-2.14.1/lib/plugins/gradle-javascript-2.14.1.jar
7f4fc1c8f000-7f4fc1c91000 r--s 0000c000 08:05 2892702                    /home/raditya/.gradle/wrapper/dists/gradle-2.14.1-all/8bnwg5hd3w55iofp58khbp6yv/gradle-2.14.1/lib/plugins/gradle-jacoco-2.14.1.jar
7f4fc1c91000-7f4fc1c94000 r--s 0000e000 08:05 2892701                    /home/raditya/.gradle/wrapper/dists/gradle-2.14.1-all/8bnwg5hd3w55iofp58khbp6yv/gradle-2.14.1/lib/plugins/gradle-ivy-2.14.1.jar
7f4fc1c94000-7f4fc1c99000 r--s 0002b000 08:05 2892714                    /home/raditya/.gradle/wrapper/dists/gradle-2.14.1-all/8bnwg5hd3w55iofp58khbp6yv/gradle-2.14.1/lib/plugins/gradle-ide-native-2.14.1.jar
7f4fc1c99000-7f4fc1ca4000 r--s 00066000 08:05 2892690                    /home/raditya/.gradle/wrapper/dists/gradle-2.14.1-all/8bnwg5hd3w55iofp58khbp6yv/gradle-2.14.1/lib/plugins/gradle-ide-2.14.1.jar
7f4fc1ca4000-7f4fc1caa000 r--s 00032000 08:05 2892698                    /home/raditya/.gradle/wrapper/dists/gradle-2.14.1-all/8bnwg5hd3w55iofp58khbp6yv/gradle-2.14.1/lib/plugins/gradle-diagnostics-2.14.1.jar
7f4fc1caa000-7f4fc1cb3000 r-xp 00000000 08:05 1459846                    /usr/lib/jvm/java-8-oracle/jre/lib/amd64/libmanagement.so
7f4fc1cb3000-7f4fc1eb2000 ---p 00009000 08:05 1459846                    /usr/lib/jvm/java-8-oracle/jre/lib/amd64/libmanagement.so
7f4fc1eb2000-7f4fc1eb3000 rw-p 00008000 08:05 1459846                    /usr/lib/jvm/java-8-oracle/jre/lib/amd64/libmanagement.so
7f4fc1eb3000-7f4fc1ec8000 r-xp 00000000 08:05 3428325                    /tmp/jna7450046558020536350.tmp
7f4fc1ec8000-7f4fc1fc7000 ---p 00015000 08:05 3428325                    /tmp/jna7450046558020536350.tmp
7f4fc1fc7000-7f4fc1fc9000 rw-p 00014000 08:05 3428325                    /tmp/jna7450046558020536350.tmp
7f4fc1fc9000-7f4fc1fee000 r-xp 00000000 08:05 1577980                    /lib/x86_64-linux-gnu/libtinfo.so.5.9
7f4fc1fee000-7f4fc21ed000 ---p 00025000 08:05 1577980                    /lib/x86_64-linux-gnu/libtinfo.so.5.9
7f4fc21ed000-7f4fc21f1000 r--p 00024000 08:05 1577980                    /lib/x86_64-linux-gnu/libtinfo.so.5.9
7f4fc21f1000-7f4fc21f2000 rw-p 00028000 08:05 1577980                    /lib/x86_64-linux-gnu/libtinfo.so.5.9
7f4fc21f2000-7f4fc2213000 r-xp 00000000 08:05 1577888                    /lib/x86_64-linux-gnu/libncurses.so.5.9
7f4fc2213000-7f4fc2412000 ---p 00021000 08:05 1577888                    /lib/x86_64-linux-gnu/libncurses.so.5.9
7f4fc2412000-7f4fc2413000 r--p 00020000 08:05 1577888                    /lib/x86_64-linux-gnu/libncurses.so.5.9
7f4fc2413000-7f4fc2414000 rw-p 00021000 08:05 1577888                    /lib/x86_64-linux-gnu/libncurses.so.5.9
7f4fc2414000-7f4fc2417000 r-xp 00000000 08:05 918047                     /home/raditya/.gradle/native/19/linux-amd64/libnative-platform-curses.so
7f4fc2417000-7f4fc2617000 ---p 00003000 08:05 918047                     /home/raditya/.gradle/native/19/linux-amd64/libnative-platform-curses.so
7f4fc2617000-7f4fc2618000 rw-p 00003000 08:05 918047                     /home/raditya/.gradle/native/19/linux-amd64/libnative-platform-curses.so
7f4fc2618000-7f4fc262e000 r-xp 00000000 08:05 1577846                    /lib/x86_64-linux-gnu/libgcc_s.so.1
7f4fc262e000-7f4fc282d000 ---p 00016000 08:05 1577846                    /lib/x86_64-linux-gnu/libgcc_s.so.1
7f4fc282d000-7f4fc282e000 rw-p 00015000 08:05 1577846                    /lib/x86_64-linux-gnu/libgcc_s.so.1
7f4fc282e000-7f4fc29a0000 r-xp 00000000 08:05 526270                     /usr/lib/x86_64-linux-gnu/libstdc++.so.6.0.21
7f4fc29a0000-7f4fc2ba0000 ---p 00172000 08:05 526270                     /usr/lib/x86_64-linux-gnu/libstdc++.so.6.0.21
7f4fc2ba0000-7f4fc2baa000 r--p 00172000 08:05 526270                     /usr/lib/x86_64-linux-gnu/libstdc++.so.6.0.21
7f4fc2baa000-7f4fc2bac000 rw-p 0017c000 08:05 526270                     /usr/lib/x86_64-linux-gnu/libstdc++.so.6.0.21
7f4fc2bac000-7f4fc2bb0000 rw-p 00000000 00:00 0 
7f4fc2bb0000-7f4fc4000000 r--p 00000000 08:05 527312                     /usr/lib/locale/locale-archive (deleted)
7f4fc4000000-7f4fc4021000 rw-p 00000000 00:00 0 
7f4fc4021000-7f4fc8000000 ---p 00000000 00:00 0 
7f4fc8000000-7f4fc8021000 rw-p 00000000 00:00 0 
7f4fc8021000-7f4fcc000000 ---p 00000000 00:00 0 
7f4fcc000000-7f4fcc040000 rw-p 00000000 00:00 0 
7f4fcc040000-7f4fd0000000 ---p 00000000 00:00 0 
7f4fd0000000-7f4fd0021000 rw-p 00000000 00:00 0 
7f4fd0021000-7f4fd4000000 ---p 00000000 00:00 0 
7f4fd4000000-7f4fd4026000 rw-p 00000000 00:00 0 
7f4fd4026000-7f4fd8000000 ---p 00000000 00:00 0 
7f4fd8000000-7f4fd8001000 r--s 00002000 08:05 2892712                    /home/raditya/.gradle/wrapper/dists/gradle-2.14.1-all/8bnwg5hd3w55iofp58khbp6yv/gradle-2.14.1/lib/plugins/gradle-ide-play-2.14.1.jar
7f4fd8001000-7f4fd8002000 r--s 00008000 08:05 2892695                    /home/raditya/.gradle/wrapper/dists/gradle-2.14.1-all/8bnwg5hd3w55iofp58khbp6yv/gradle-2.14.1/lib/plugins/gradle-ear-2.14.1.jar
7f4fd8002000-7f4fd8006000 r--s 00021000 08:05 2892685                    /home/raditya/.gradle/wrapper/dists/gradle-2.14.1-all/8bnwg5hd3w55iofp58khbp6yv/gradle-2.14.1/lib/plugins/gradle-code-quality-2.14.1.jar
7f4fd8006000-7f4fd800a000 r--s 0001f000 08:05 2892703                    /home/raditya/.gradle/wrapper/dists/gradle-2.14.1-all/8bnwg5hd3w55iofp58khbp6yv/gradle-2.14.1/lib/plugins/gradle-build-init-2.14.1.jar
7f4fd800a000-7f4fd8011000 r--s 0008e000 08:05 2892697                    /home/raditya/.gradle/wrapper/dists/gradle-2.14.1-all/8bnwg5hd3w55iofp58khbp6yv/gradle-2.14.1/lib/plugins/gradle-build-comparison-2.14.1.jar
7f4fd8011000-7f4fd8013000 r--s 00008000 08:05 2892687                    /home/raditya/.gradle/wrapper/dists/gradle-2.14.1-all/8bnwg5hd3w55iofp58khbp6yv/gradle-2.14.1/lib/plugins/gradle-antlr-2.14.1.jar
7f4fd8013000-7f4fd8015000 r--s 00004000 08:05 2892691                    /home/raditya/.gradle/wrapper/dists/gradle-2.14.1-all/8bnwg5hd3w55iofp58khbp6yv/gradle-2.14.1/lib/plugins/gradle-announce-2.14.1.jar
7f4fd8015000-7f4fd802d000 r--s 00115000 08:05 2892792                    /home/raditya/.gradle/wrapper/dists/gradle-2.14.1-all/8bnwg5hd3w55iofp58khbp6yv/gradle-2.14.1/lib/plugins/xercesImpl-2.9.1.jar
7f4fd802d000-7f4fd8035000 r--s 00028000 08:05 2892793                    /home/raditya/.gradle/wrapper/dists/gradle-2.14.1-all/8bnwg5hd3w55iofp58khbp6yv/gradle-2.14.1/lib/plugins/xml-apis-1.3.04.jar
7f4fd8035000-7f4fd803b000 r--s 0005b000 08:05 2892791                    /home/raditya/.gradle/wrapper/dists/gradle-2.14.1-all/8bnwg5hd3w55iofp58khbp6yv/gradle-2.14.1/lib/plugins/jcifs-1.3.17.jar
7f4fd803b000-7f4fd8042000 r--s 00049000 08:05 2892790                    /home/raditya/.gradle/wrapper/dists/gradle-2.14.1-all/8bnwg5hd3w55iofp58khbp6yv/gradle-2.14.1/lib/plugins/httpcore-4.4.4.jar
7f4fd8042000-7f4fd8048000 r--s 00033000 08:05 2892738                    /home/raditya/.gradle/wrapper/dists/gradle-2.14.1-all/8bnwg5hd3w55iofp58khbp6yv/gradle-2.14.1/lib/plugins/commons-codec-1.6.jar
7f4fd8048000-7f4fd804b000 r--s 0001c000 08:05 2892748                    /home/raditya/.gradle/wrapper/dists/gradle-2.14.1-all/8bnwg5hd3w55iofp58khbp6yv/gradle-2.14.1/lib/plugins/nekohtml-1.9.14.jar
7f4fd804b000-7f4fd8058000 r--s 000a4000 08:05 2892747                    /home/raditya/.gradle/wrapper/dists/gradle-2.14.1-all/8bnwg5hd3w55iofp58khbp6yv/gradle-2.14.1/lib/plugins/httpclient-4.4.1.jar
7f4fd8058000-7f4fd805c000 r--s 00014000 08:05 2892719                    /home/raditya/.gradle/wrapper/dists/gradle-2.14.1-all/8bnwg5hd3w55iofp58khbp6yv/gradle-2.14.1/lib/plugins/gradle-plugin-use-2.14.1.jar
7f4fd805c000-7f4fd8060000 r-xp 00000000 08:05 943287                     /home/raditya/.gradle/native/19/linux-amd64/libnative-platform.so
7f4fd8060000-7f4fd825f000 ---p 00004000 08:05 943287                     /home/raditya/.gradle/native/19/linux-amd64/libnative-platform.so
7f4fd825f000-7f4fd8260000 rw-p 00003000 08:05 943287                     /home/raditya/.gradle/native/19/linux-amd64/libnative-platform.so
7f4fd8260000-7f4fdc000000 rw-p 00000000 00:00 0 
7f4fdc000000-7f4fdc021000 rw-p 00000000 00:00 0 
7f4fdc021000-7f4fe0000000 ---p 00000000 00:00 0 
7f4fe0000000-7f4fe0002000 r--s 0000a000 08:05 2892720                    /home/raditya/.gradle/wrapper/dists/gradle-2.14.1-all/8bnwg5hd3w55iofp58khbp6yv/gradle-2.14.1/lib/plugins/gradle-resources-http-2.14.1.jar
7f4fe0002000-7f4fe0003000 r--s 00000000 08:05 2892635                    /home/raditya/.gradle/wrapper/dists/gradle-2.14.1-all/8bnwg5hd3w55iofp58khbp6yv/gradle-2.14.1/lib/gradle-installation-beacon-2.14.1.jar
7f4fe0003000-7f4fe0004000 r--s 00007000 08:05 2892786                    /home/raditya/.gradle/wrapper/dists/gradle-2.14.1-all/8bnwg5hd3w55iofp58khbp6yv/gradle-2.14.1/lib/plugins/wagon-http-shared4-2.4.jar
7f4fe0004000-7f4fe0008000 r--s 00033000 08:05 2892785                    /home/raditya/.gradle/wrapper/dists/gradle-2.14.1-all/8bnwg5hd3w55iofp58khbp6yv/gradle-2.14.1/lib/plugins/plexus-utils-2.0.6.jar
7f4fe0008000-7f4fe000c000 r--s 00021000 08:05 2892784                    /home/raditya/.gradle/wrapper/dists/gradle-2.14.1-all/8bnwg5hd3w55iofp58khbp6yv/gradle-2.14.1/lib/plugins/maven-model-builder-3.0.4.jar
7f4fe000c000-7f4fe000d000 r--s 00002000 08:05 2892783                    /home/raditya/.gradle/wrapper/dists/gradle-2.14.1-all/8bnwg5hd3w55iofp58khbp6yv/gradle-2.14.1/lib/plugins/wagon-file-2.4.jar
7f4fe000d000-7f4fe000f000 r--s 00002000 08:05 2892782                    /home/raditya/.gradle/wrapper/dists/gradle-2.14.1-all/8bnwg5hd3w55iofp58khbp6yv/gradle-2.14.1/lib/plugins/plexus-cipher-1.7.jar
7f4fe000f000-7f4fe0012000 r--s 00013000 08:05 2892781                    /home/raditya/.gradle/wrapper/dists/gradle-2.14.1-all/8bnwg5hd3w55iofp58khbp6yv/gradle-2.14.1/lib/plugins/aether-api-1.13.1.jar
7f4fe0012000-7f4fe0014000 r--s 0000a000 08:05 2892780                    /home/raditya/.gradle/wrapper/dists/gradle-2.14.1-all/8bnwg5hd3w55iofp58khbp6yv/gradle-2.14.1/lib/plugins/maven-settings-3.0.4.jar
7f4fe0014000-7f4fe0016000 r--s 0000d000 08:05 2892779                    /home/raditya/.gradle/wrapper/dists/gradle-2.14.1-all/8bnwg5hd3w55iofp58khbp6yv/gradle-2.14.1/lib/plugins/plexus-interpolation-1.14.jar
7f4fe0016000-7f4fe0018000 r--s 0000b000 08:05 2892778                    /home/raditya/.gradle/wrapper/dists/gradle-2.14.1-all/8bnwg5hd3w55iofp58khbp6yv/gradle-2.14.1/lib/plugins/maven-artifact-3.0.4.jar
7f4fe0018000-7f4fe001f000 r--s 0002e000 08:05 2892777                    /home/raditya/.gradle/wrapper/dists/gradle-2.14.1-all/8bnwg5hd3w55iofp58khbp6yv/gradle-2.14.1/lib/plugins/plexus-container-default-1.5.5.jar
7f4fe001f000-7f4fe0021000 r--s 0000b000 08:05 2892776                    /home/raditya/.gradle/wrapper/dists/gradle-2.14.1-all/8bnwg5hd3w55iofp58khbp6yv/gradle-2.14.1/lib/plugins/maven-plugin-api-3.0.4.jar
7f4fe0021000-7f4fe0023000 r--s 00000000 08:05 2892794                    /home/raditya/.gradle/wrapper/dists/gradle-2.14.1-all/8bnwg5hd3w55iofp58khbp6yv/gradle-2.14.1/lib/plugins/plexus-component-annotations-1.5.5.jar
7f4fe0023000-7f4fe0029000 r--s 0003f000 08:05 2892775                    /home/raditya/.gradle/wrapper/dists/gradle-2.14.1-all/8bnwg5hd3w55iofp58khbp6yv/gradle-2.14.1/lib/plugins/maven-compat-3.0.4.jar
7f4fe0029000-7f4fe002c000 r--s 00008000 08:05 2892774                    /home/raditya/.gradle/wrapper/dists/gradle-2.14.1-all/8bnwg5hd3w55iofp58khbp6yv/gradle-2.14.1/lib/plugins/maven-settings-builder-3.0.4.jar
7f4fe002c000-7f4fe002d000 r--s 00002000 08:05 2892773                    /home/raditya/.gradle/wrapper/dists/gradle-2.14.1-all/8bnwg5hd3w55iofp58khbp6yv/gradle-2.14.1/lib/plugins/wagon-http-2.4.jar
7f4fe002d000-7f4fe002f000 r--s 00026000 08:05 2892772                    /home/raditya/.gradle/wrapper/dists/gradle-2.14.1-all/8bnwg5hd3w55iofp58khbp6yv/gradle-2.14.1/lib/plugins/maven-model-3.0.4.jar
7f4fe002f000-7f4fe0031000 r--s 00006000 08:05 2892771                    /home/raditya/.gradle/wrapper/dists/gradle-2.14.1-all/8bnwg5hd3w55iofp58khbp6yv/gradle-2.14.1/lib/plugins/aether-connector-wagon-1.13.1.jar
7f4fe0031000-7f4fe0033000 r--s 0000a000 08:05 2892770                    /home/raditya/.gradle/wrapper/dists/gradle-2.14.1-all/8bnwg5hd3w55iofp58khbp6yv/gradle-2.14.1/lib/plugins/plexus-classworlds-2.4.jar
7f4fe0033000-7f4fe0035000 r--s 00006000 08:05 2892769                    /home/raditya/.gradle/wrapper/dists/gradle-2.14.1-all/8bnwg5hd3w55iofp58khbp6yv/gradle-2.14.1/lib/plugins/maven-repository-metadata-3.0.4.jar
7f4fe0035000-7f4fe0037000 r--s 0000c000 08:05 2892768                    /home/raditya/.gradle/wrapper/dists/gradle-2.14.1-all/8bnwg5hd3w55iofp58khbp6yv/gradle-2.14.1/lib/plugins/maven-aether-provider-3.0.4.jar
7f4fe0037000-7f4fe0039000 r--s 0000b000 08:05 2892767                    /home/raditya/.gradle/wrapper/dists/gradle-2.14.1-all/8bnwg5hd3w55iofp58khbp6yv/gradle-2.14.1/lib/plugins/wagon-provider-api-2.4.jar
7f4fe0039000-7f4fe003a000 r--s 00003000 08:05 2892766                    /home/raditya/.gradle/wrapper/dists/gradle-2.14.1-all/8bnwg5hd3w55iofp58khbp6yv/gradle-2.14.1/lib/plugins/aether-spi-1.13.1.jar
7f4fe003a000-7f4fe003e000 r--s 0001c000 08:05 2892765                    /home/raditya/.gradle/wrapper/dists/gradle-2.14.1-all/8bnwg5hd3w55iofp58khbp6yv/gradle-2.14.1/lib/plugins/aether-util-1.13.1.jar
7f4fe003e000-7f4fe0041000 r--s 0001d000 08:05 2892764                    /home/raditya/.gradle/wrapper/dists/gradle-2.14.1-all/8bnwg5hd3w55iofp58khbp6yv/gradle-2.14.1/lib/plugins/aether-impl-1.13.1.jar
7f4fe0041000-7f4fe0042000 r--s 00006000 08:05 2892763                    /home/raditya/.gradle/wrapper/dists/gradle-2.14.1-all/8bnwg5hd3w55iofp58khbp6yv/gradle-2.14.1/lib/plugins/plexus-sec-dispatcher-1.3.jar
7f4fe0042000-7f4fe0047000 r--s 00040000 08:05 2892749                    /home/raditya/.gradle/wrapper/dists/gradle-2.14.1-all/8bnwg5hd3w55iofp58khbp6yv/gradle-2.14.1/lib/plugins/jsch-0.1.53.jar
7f4fe0047000-7f4fe0087000 r--s 00277000 08:05 2892759                    /home/raditya/.gradle/wrapper/dists/gradle-2.14.1-all/8bnwg5hd3w55iofp58khbp6yv/gradle-2.14.1/lib/plugins/bcprov-jdk15on-1.51.jar
7f4fe0087000-7f4fe008b000 r--s 0001d000 08:05 2892758                    /home/raditya/.gradle/wrapper/dists/gradle-2.14.1-all/8bnwg5hd3w55iofp58khbp6yv/gradle-2.14.1/lib/plugins/xbean-reflect-3.4.jar
7f4fe008b000-7f4fe0097000 r--s 0007d000 08:05 2892735                    /home/raditya/.gradle/wrapper/dists/gradle-2.14.1-all/8bnwg5hd3w55iofp58khbp6yv/gradle-2.14.1/lib/plugins/maven-core-3.0.4.jar
7f4fe0097000-7f4fe009c000 r--s 0002a000 08:05 2892742                    /home/raditya/.gradle/wrapper/dists/gradle-2.14.1-all/8bnwg5hd3w55iofp58khbp6yv/gradle-2.14.1/lib/plugins/gson-2.2.4.jar
7f4fe009c000-7f4fe00ab000 r--s 000d9000 08:05 2892757                    /home/raditya/.gradle/wrapper/dists/gradle-2.14.1-all/8bnwg5hd3w55iofp58khbp6yv/gradle-2.14.1/lib/plugins/ivy-2.2.0.jar
7f4fe00ab000-7f4fe00c7000 r--s 000d3000 08:05 2892724                    /home/raditya/.gradle/wrapper/dists/gradle-2.14.1-all/8bnwg5hd3w55iofp58khbp6yv/gradle-2.14.1/lib/plugins/gradle-dependency-management-2.14.1.jar
7f4fe00c7000-7f4fe00ce000 r--s 00000000 08:05 663314                     /usr/lib/x86_64-linux-gnu/gconv/gconv-modules.cache (deleted)
7f4fe00ce000-7f4fe00d0000 r--s 00005000 08:05 2892634                    /home/raditya/.gradle/wrapper/dists/gradle-2.14.1-all/8bnwg5hd3w55iofp58khbp6yv/gradle-2.14.1/lib/gradle-wrapper-2.14.1.jar
7f4fe00d0000-7f4fe00de000 r--s 0004f000 08:05 2892641                    /home/raditya/.gradle/wrapper/dists/gradle-2.14.1-all/8bnwg5hd3w55iofp58khbp6yv/gradle-2.14.1/lib/gradle-tooling-api-2.14.1.jar
7f4fe00de000-7f4fe00e0000 r--s 00002000 08:05 2892661                    /home/raditya/.gradle/wrapper/dists/gradle-2.14.1-all/8bnwg5hd3w55iofp58khbp6yv/gradle-2.14.1/lib/gradle-open-api-2.14.1.jar
7f4fe00e0000-7f4fe00e6000 r--s 00032000 08:05 2892663                    /home/raditya/.gradle/wrapper/dists/gradle-2.14.1-all/8bnwg5hd3w55iofp58khbp6yv/gradle-2.14.1/lib/jaxen-1.1.jar
7f4fe00e6000-7f4fe00eb000 r--s 00048000 08:05 2892662                    /home/raditya/.gradle/wrapper/dists/gradle-2.14.1-all/8bnwg5hd3w55iofp58khbp6yv/gradle-2.14.1/lib/dom4j-1.6.1.jar
7f4fe00eb000-7f4fe00f6000 r--s 00059000 08:05 2892640                    /home/raditya/.gradle/wrapper/dists/gradle-2.14.1-all/8bnwg5hd3w55iofp58khbp6yv/gradle-2.14.1/lib/gradle-ui-2.14.1.jar
7f4fe00f6000-7f4fe00f9000 r--s 0000b000 08:05 2892659                    /home/raditya/.gradle/wrapper/dists/gradle-2.14.1-all/8bnwg5hd3w55iofp58khbp6yv/gradle-2.14.1/lib/gradle-resources-2.14.1.jar
7f4fe00f9000-7f4fe00fb000 r--s 00003000 08:05 2892671                    /home/raditya/.gradle/wrapper/dists/gradle-2.14.1-all/8bnwg5hd3w55iofp58khbp6yv/gradle-2.14.1/lib/jcl-over-slf4j-1.7.10.jar
7f4fe00fb000-7f4fe00fc000 r--s 00005000 08:05 2892670                    /home/raditya/.gradle/wrapper/dists/gradle-2.14.1-all/8bnwg5hd3w55iofp58khbp6yv/gradle-2.14.1/lib/log4j-over-slf4j-1.7.10.jar
7f4fe00fc000-7f4fe00fe000 r--s 00000000 08:05 2892669                    /home/raditya/.gradle/wrapper/dists/gradle-2.14.1-all/8bnwg5hd3w55iofp58khbp6yv/gradle-2.14.1/lib/jul-to-slf4j-1.7.10.jar
7f4fe00fe000-7f4fe0103000 r--s 0001c000 08:05 2892658                    /home/raditya/.gradle/wrapper/dists/gradle-2.14.1-all/8bnwg5hd3w55iofp58khbp6yv/gradle-2.14.1/lib/gradle-logging-2.14.1.jar
7f4fe0103000-7f4fe0105000 r--s 00007000 08:05 2892682                    /home/raditya/.gradle/wrapper/dists/gradle-2.14.1-all/8bnwg5hd3w55iofp58khbp6yv/gradle-2.14.1/lib/objenesis-1.2.jar
7f4fe0105000-7f4fe0107000 r--s 00000000 08:05 2892681                    /home/raditya/.gradle/wrapper/dists/gradle-2.14.1-all/8bnwg5hd3w55iofp58khbp6yv/gradle-2.14.1/lib/minlog-1.2.jar
7f4fe0107000-7f4fe0109000 r--s 0000f000 08:05 2892680                    /home/raditya/.gradle/wrapper/dists/gradle-2.14.1-all/8bnwg5hd3w55iofp58khbp6yv/gradle-2.14.1/lib/reflectasm-1.07-shaded.jar
7f4fe0109000-7f4fe010d000 r--s 00026000 08:05 2892668                    /home/raditya/.gradle/wrapper/dists/gradle-2.14.1-all/8bnwg5hd3w55iofp58khbp6yv/gradle-2.14.1/lib/kryo-2.20.jar
7f4fe010d000-7f4fe0113000 r--s 00025000 08:05 2892657                    /home/raditya/.gradle/wrapper/dists/gradle-2.14.1-all/8bnwg5hd3w55iofp58khbp6yv/gradle-2.14.1/lib/gradle-messaging-2.14.1.jar
7f4fe0113000-7f4fe0114000 r--s 00003000 08:05 2892679                    /home/raditya/.gradle/wrapper/dists/gradle-2.14.1-all/8bnwg5hd3w55iofp58khbp6yv/gradle-2.14.1/lib/native-platform-freebsd-amd64-0.10.jar
7f4fe0114000-7f4fe0115000 r--s 00003000 08:05 2892678                    /home/raditya/.gradle/wrapper/dists/gradle-2.14.1-all/8bnwg5hd3w55iofp58khbp6yv/gradle-2.14.1/lib/native-platform-freebsd-i386-0.10.jar
7f4fe0115000-7f4fe0116000 r--s 00005000 08:05 2892677                    /home/raditya/.gradle/wrapper/dists/gradle-2.14.1-all/8bnwg5hd3w55iofp58khbp6yv/gradle-2.14.1/lib/native-platform-windows-i386-0.10.jar
7f4fe0116000-7f4fe0117000 r--s 00005000 08:05 2892676                    /home/raditya/.gradle/wrapper/dists/gradle-2.14.1-all/8bnwg5hd3w55iofp58khbp6yv/gradle-2.14.1/lib/native-platform-windows-amd64-0.10.jar
7f4fe0117000-7f4fe0118000 r--s 00003000 08:05 2892675                    /home/raditya/.gradle/wrapper/dists/gradle-2.14.1-all/8bnwg5hd3w55iofp58khbp6yv/gradle-2.14.1/lib/native-platform-linux-i386-0.10.jar
7f4fe0118000-7f4fe0119000 r--s 00003000 08:05 2892674                    /home/raditya/.gradle/wrapper/dists/gradle-2.14.1-all/8bnwg5hd3w55iofp58khbp6yv/gradle-2.14.1/lib/native-platform-linux-amd64-0.10.jar
7f4fe0119000-7f4fe011a000 r--s 00002000 08:05 2892673                    /home/raditya/.gradle/wrapper/dists/gradle-2.14.1-all/8bnwg5hd3w55iofp58khbp6yv/gradle-2.14.1/lib/native-platform-osx-amd64-0.10.jar
7f4fe011a000-7f4fe011b000 r--s 00002000 08:05 2892672                    /home/raditya/.gradle/wrapper/dists/gradle-2.14.1-all/8bnwg5hd3w55iofp58khbp6yv/gradle-2.14.1/lib/native-platform-osx-i386-0.10.jar
7f4fe011b000-7f4fe011d000 r--s 00008000 08:05 2892666                    /home/raditya/.gradle/wrapper/dists/gradle-2.14.1-all/8bnwg5hd3w55iofp58khbp6yv/gradle-2.14.1/lib/jansi-1.2.1.jar
7f4fe011d000-7f4fe0120000 r--s 0000d000 08:05 2892665                    /home/raditya/.gradle/wrapper/dists/gradle-2.14.1-all/8bnwg5hd3w55iofp58khbp6yv/gradle-2.14.1/lib/native-platform-0.10.jar
7f4fe0120000-7f4fe0124000 r--s 000e4000 08:05 2892664                    /home/raditya/.gradle/wrapper/dists/gradle-2.14.1-all/8bnwg5hd3w55iofp58khbp6yv/gradle-2.14.1/lib/jna-3.2.7.jar
7f4fe0124000-7f4fe0126000 r--s 00009000 08:05 2892642                    /home/raditya/.gradle/wrapper/dists/gradle-2.14.1-all/8bnwg5hd3w55iofp58khbp6yv/gradle-2.14.1/lib/gradle-native-2.14.1.jar
7f4fe0126000-7f4fe0128000 r--s 00005000 08:05 2892639                    /home/raditya/.gradle/wrapper/dists/gradle-2.14.1-all/8bnwg5hd3w55iofp58khbp6yv/gradle-2.14.1/lib/gradle-cli-2.14.1.jar
7f4fe0128000-7f4fe012a000 r--s 00007000 08:05 2892649                    /home/raditya/.gradle/wrapper/dists/gradle-2.14.1-all/8bnwg5hd3w55iofp58khbp6yv/gradle-2.14.1/lib/gradle-model-groovy-2.14.1.jar
7f4fe012a000-7f4fe0139000 r--s 00080000 08:05 2892648                    /home/raditya/.gradle/wrapper/dists/gradle-2.14.1-all/8bnwg5hd3w55iofp58khbp6yv/gradle-2.14.1/lib/gradle-model-core-2.14.1.jar
7f4fe0139000-7f4fe01a8000 r--s 0063e000 08:05 2892647                    /home/raditya/.gradle/wrapper/dists/gradle-2.14.1-all/8bnwg5hd3w55iofp58khbp6yv/gradle-2.14.1/lib/groovy-all-2.4.4.jar
7f4fe01a8000-7f4fe01d0000 r--s 001cf000 08:05 2892644                    /home/raditya/.gradle/wrapper/dists/gradle-2.14.1-all/8bnwg5hd3w55iofp58khbp6yv/gradle-2.14.1/lib/guava-jdk5-17.0.jar
7f4fe01d0000-7f4fe01e1000 r-xp 00000000 08:05 1459835                    /usr/lib/jvm/java-8-oracle/jre/lib/amd64/libnio.so
7f4fe01e1000-7f4fe03e0000 ---p 00011000 08:05 1459835                    /usr/lib/jvm/java-8-oracle/jre/lib/amd64/libnio.so
7f4fe03e0000-7f4fe03e1000 rw-p 00010000 08:05 1459835                    /usr/lib/jvm/java-8-oracle/jre/lib/amd64/libnio.so
7f4fe03e1000-7f4fe06e2000 rw-p 00000000 00:00 0 
7f4fe06e2000-7f4fe06f8000 r-xp 00000000 08:05 1459810                    /usr/lib/jvm/java-8-oracle/jre/lib/amd64/libnet.so
7f4fe06f8000-7f4fe08f8000 ---p 00016000 08:05 1459810                    /usr/lib/jvm/java-8-oracle/jre/lib/amd64/libnet.so
7f4fe08f8000-7f4fe08f9000 rw-p 00016000 08:05 1459810                    /usr/lib/jvm/java-8-oracle/jre/lib/amd64/libnet.so
7f4fe08f9000-7f4fe08fa000 ---p 00000000 00:00 0 
7f4fe08fa000-7f4fe09fa000 rw-p 00000000 00:00 0 
7f4fe09fa000-7f4fe09fd000 ---p 00000000 00:00 0 
7f4fe09fd000-7f4fe0afb000 rw-p 00000000 00:00 0 
7f4fe0afb000-7f4fe0afe000 ---p 00000000 00:00 0 
7f4fe0afe000-7f4fe0bfc000 rw-p 00000000 00:00 0 
7f4fe0bfc000-7f4fe0bff000 ---p 00000000 00:00 0 
7f4fe0bff000-7f4fe0cfd000 rw-p 00000000 00:00 0 
7f4fe0cfd000-7f4fe0d00000 ---p 00000000 00:00 0 
7f4fe0d00000-7f4fe0dfe000 rw-p 00000000 00:00 0 
7f4fe0dfe000-7f4fe0e01000 ---p 00000000 00:00 0 
7f4fe0e01000-7f4fe0eff000 rw-p 00000000 00:00 0 
7f4fe0eff000-7f4fe0f02000 ---p 00000000 00:00 0 
7f4fe0f02000-7f4fe1000000 rw-p 00000000 00:00 0 
7f4fe1000000-7f4fe18a0000 rwxp 00000000 00:00 0 
7f4fe18a0000-7f4ff0000000 ---p 00000000 00:00 0 
7f4ff0000000-7f4ff2465000 rw-p 00000000 00:00 0 
7f4ff2465000-7f4ff4000000 ---p 00000000 00:00 0 
7f4ff4000000-7f4ff4001000 r--s 00006000 08:05 2892656                    /home/raditya/.gradle/wrapper/dists/gradle-2.14.1-all/8bnwg5hd3w55iofp58khbp6yv/gradle-2.14.1/lib/gradle-base-services-groovy-2.14.1.jar
7f4ff4001000-7f4ff4002000 r--s 00002000 08:05 2892660                    /home/raditya/.gradle/wrapper/dists/gradle-2.14.1-all/8bnwg5hd3w55iofp58khbp6yv/gradle-2.14.1/lib/gradle-docs-2.14.1.jar
7f4ff4002000-7f4ff4003000 r--s 00000000 08:05 2892655                    /home/raditya/.gradle/wrapper/dists/gradle-2.14.1-all/8bnwg5hd3w55iofp58khbp6yv/gradle-2.14.1/lib/javax.inject-1.jar
7f4ff4003000-7f4ff4007000 r--s 00027000 08:05 2892653                    /home/raditya/.gradle/wrapper/dists/gradle-2.14.1-all/8bnwg5hd3w55iofp58khbp6yv/gradle-2.14.1/lib/commons-io-2.2.jar
7f4ff4007000-7f4ff4014000 r--s 00083000 08:05 2892652                    /home/raditya/.gradle/wrapper/dists/gradle-2.14.1-all/8bnwg5hd3w55iofp58khbp6yv/gradle-2.14.1/lib/commons-collections-3.2.2.jar
7f4ff4014000-7f4ff4019000 r--s 00038000 08:05 2892650                    /home/raditya/.gradle/wrapper/dists/gradle-2.14.1-all/8bnwg5hd3w55iofp58khbp6yv/gradle-2.14.1/lib/asm-all-5.1.jar
7f4ff4019000-7f4ff4038000 r--s 001d1000 08:05 2892651                    /home/raditya/.gradle/wrapper/dists/gradle-2.14.1-all/8bnwg5hd3w55iofp58khbp6yv/gradle-2.14.1/lib/ant-1.9.6.jar
7f4ff4038000-7f4ff406f000 r--s 001bd000 08:05 2892638                    /home/raditya/.gradle/wrapper/dists/gradle-2.14.1-all/8bnwg5hd3w55iofp58khbp6yv/gradle-2.14.1/lib/gradle-core-2.14.1.jar
7f4ff406f000-7f4ff4072000 ---p 00000000 00:00 0 
7f4ff4072000-7f4ff4170000 rw-p 00000000 00:00 0 
7f4ff4170000-7f4ff4171000 ---p 00000000 00:00 0 
7f4ff4171000-7f4ff5253000 rw-p 00000000 00:00 0 
7f4ff5253000-7f4ff542c000 r--s 03d3e000 08:05 1460085                    /usr/lib/jvm/java-8-oracle/jre/lib/rt.jar
7f4ff542c000-7f4ff607c000 rw-p 00000000 00:00 0 
7f4ff607c000-7f4ff607d000 ---p 00000000 00:00 0 
7f4ff607d000-7f4ff617d000 rw-p 00000000 00:00 0 
7f4ff617d000-7f4ff617e000 ---p 00000000 00:00 0 
7f4ff617e000-7f4ff627e000 rw-p 00000000 00:00 0 
7f4ff627e000-7f4ff627f000 ---p 00000000 00:00 0 
7f4ff627f000-7f4ff637f000 rw-p 00000000 00:00 0 
7f4ff637f000-7f4ff6380000 ---p 00000000 00:00 0 
7f4ff6380000-7f4ff649d000 rw-p 00000000 00:00 0 
7f4ff649d000-7f4ff6712000 ---p 00000000 00:00 0 
7f4ff6712000-7f4ff672f000 rw-p 00000000 00:00 0 
7f4ff672f000-7f4ff69a3000 ---p 00000000 00:00 0 
7f4ff69a3000-7f4ff69ea000 rw-p 00000000 00:00 0 
7f4ff69ea000-7f4ff6aec000 ---p 00000000 00:00 0 
7f4ff6aec000-7f4ff6b10000 rw-p 00000000 00:00 0 
7f4ff6b10000-7f4ff6ead000 ---p 00000000 00:00 0 
7f4ff6ead000-7f4ff6ec7000 r-xp 00000000 08:05 1459833                    /usr/lib/jvm/java-8-oracle/jre/lib/amd64/libzip.so
7f4ff6ec7000-7f4ff70c7000 ---p 0001a000 08:05 1459833                    /usr/lib/jvm/java-8-oracle/jre/lib/amd64/libzip.so
7f4ff70c7000-7f4ff70c8000 rw-p 0001a000 08:05 1459833                    /usr/lib/jvm/java-8-oracle/jre/lib/amd64/libzip.so
7f4ff70c8000-7f4ff70d3000 r-xp 00000000 08:05 1587293                    /lib/x86_64-linux-gnu/libnss_files-2.23.so (deleted)
7f4ff70d3000-7f4ff72d2000 ---p 0000b000 08:05 1587293                    /lib/x86_64-linux-gnu/libnss_files-2.23.so (deleted)
7f4ff72d2000-7f4ff72d3000 r--p 0000a000 08:05 1587293                    /lib/x86_64-linux-gnu/libnss_files-2.23.so (deleted)
7f4ff72d3000-7f4ff72d4000 rw-p 0000b000 08:05 1587293                    /lib/x86_64-linux-gnu/libnss_files-2.23.so (deleted)
7f4ff72d4000-7f4ff72da000 rw-p 00000000 00:00 0 
7f4ff72da000-7f4ff72e5000 r-xp 00000000 08:05 1587278                    /lib/x86_64-linux-gnu/libnss_nis-2.23.so (deleted)
7f4ff72e5000-7f4ff74e4000 ---p 0000b000 08:05 1587278                    /lib/x86_64-linux-gnu/libnss_nis-2.23.so (deleted)
7f4ff74e4000-7f4ff74e5000 r--p 0000a000 08:05 1587278                    /lib/x86_64-linux-gnu/libnss_nis-2.23.so (deleted)
7f4ff74e5000-7f4ff74e6000 rw-p 0000b000 08:05 1587278                    /lib/x86_64-linux-gnu/libnss_nis-2.23.so (deleted)
7f4ff74e6000-7f4ff74fc000 r-xp 00000000 08:05 1587289                    /lib/x86_64-linux-gnu/libnsl-2.23.so (deleted)
7f4ff74fc000-7f4ff76fb000 ---p 00016000 08:05 1587289                    /lib/x86_64-linux-gnu/libnsl-2.23.so (deleted)
7f4ff76fb000-7f4ff76fc000 r--p 00015000 08:05 1587289                    /lib/x86_64-linux-gnu/libnsl-2.23.so (deleted)
7f4ff76fc000-7f4ff76fd000 rw-p 00016000 08:05 1587289                    /lib/x86_64-linux-gnu/libnsl-2.23.so (deleted)
7f4ff76fd000-7f4ff76ff000 rw-p 00000000 00:00 0 
7f4ff76ff000-7f4ff7707000 r-xp 00000000 08:05 1587290                    /lib/x86_64-linux-gnu/libnss_compat-2.23.so (deleted)
7f4ff7707000-7f4ff7906000 ---p 00008000 08:05 1587290                    /lib/x86_64-linux-gnu/libnss_compat-2.23.so (deleted)
7f4ff7906000-7f4ff7907000 r--p 00007000 08:05 1587290                    /lib/x86_64-linux-gnu/libnss_compat-2.23.so (deleted)
7f4ff7907000-7f4ff7908000 rw-p 00008000 08:05 1587290                    /lib/x86_64-linux-gnu/libnss_compat-2.23.so (deleted)
7f4ff7908000-7f4ff7933000 r-xp 00000000 08:05 1459860                    /usr/lib/jvm/java-8-oracle/jre/lib/amd64/libjava.so
7f4ff7933000-7f4ff7b32000 ---p 0002b000 08:05 1459860                    /usr/lib/jvm/java-8-oracle/jre/lib/amd64/libjava.so
7f4ff7b32000-7f4ff7b34000 rw-p 0002a000 08:05 1459860                    /usr/lib/jvm/java-8-oracle/jre/lib/amd64/libjava.so
7f4ff7b34000-7f4ff7b41000 r-xp 00000000 08:05 1459811                    /usr/lib/jvm/java-8-oracle/jre/lib/amd64/libverify.so
7f4ff7b41000-7f4ff7d40000 ---p 0000d000 08:05 1459811                    /usr/lib/jvm/java-8-oracle/jre/lib/amd64/libverify.so
7f4ff7d40000-7f4ff7d42000 rw-p 0000c000 08:05 1459811                    /usr/lib/jvm/java-8-oracle/jre/lib/amd64/libverify.so
7f4ff7d42000-7f4ff7d49000 r-xp 00000000 08:05 1587277                    /lib/x86_64-linux-gnu/librt-2.23.so (deleted)
7f4ff7d49000-7f4ff7f48000 ---p 00007000 08:05 1587277                    /lib/x86_64-linux-gnu/librt-2.23.so (deleted)
7f4ff7f48000-7f4ff7f49000 r--p 00006000 08:05 1587277                    /lib/x86_64-linux-gnu/librt-2.23.so (deleted)
7f4ff7f49000-7f4ff7f4a000 rw-p 00007000 08:05 1587277                    /lib/x86_64-linux-gnu/librt-2.23.so (deleted)
7f4ff7f4a000-7f4ff8052000 r-xp 00000000 08:05 1587287                    /lib/x86_64-linux-gnu/libm-2.23.so (deleted)
7f4ff8052000-7f4ff8251000 ---p 00108000 08:05 1587287                    /lib/x86_64-linux-gnu/libm-2.23.so (deleted)
7f4ff8251000-7f4ff8252000 r--p 00107000 08:05 1587287                    /lib/x86_64-linux-gnu/libm-2.23.so (deleted)
7f4ff8252000-7f4ff8253000 rw-p 00108000 08:05 1587287                    /lib/x86_64-linux-gnu/libm-2.23.so (deleted)
7f4ff8253000-7f4ff8f21000 r-xp 00000000 08:05 1459864                    /usr/lib/jvm/java-8-oracle/jre/lib/amd64/server/libjvm.so
7f4ff8f21000-7f4ff9121000 ---p 00cce000 08:05 1459864                    /usr/lib/jvm/java-8-oracle/jre/lib/amd64/server/libjvm.so
7f4ff9121000-7f4ff91fa000 rw-p 00cce000 08:05 1459864                    /usr/lib/jvm/java-8-oracle/jre/lib/amd64/server/libjvm.so
7f4ff91fa000-7f4ff9245000 rw-p 00000000 00:00 0 
7f4ff9245000-7f4ff9404000 r-xp 00000000 08:05 1587282                    /lib/x86_64-linux-gnu/libc-2.23.so (deleted)
7f4ff9404000-7f4ff9604000 ---p 001bf000 08:05 1587282                    /lib/x86_64-linux-gnu/libc-2.23.so (deleted)
7f4ff9604000-7f4ff9608000 r--p 001bf000 08:05 1587282                    /lib/x86_64-linux-gnu/libc-2.23.so (deleted)
7f4ff9608000-7f4ff960a000 rw-p 001c3000 08:05 1587282                    /lib/x86_64-linux-gnu/libc-2.23.so (deleted)
7f4ff960a000-7f4ff960e000 rw-p 00000000 00:00 0 
7f4ff960e000-7f4ff9611000 r-xp 00000000 08:05 1587281                    /lib/x86_64-linux-gnu/libdl-2.23.so (deleted)
7f4ff9611000-7f4ff9810000 ---p 00003000 08:05 1587281                    /lib/x86_64-linux-gnu/libdl-2.23.so (deleted)
7f4ff9810000-7f4ff9811000 r--p 00002000 08:05 1587281                    /lib/x86_64-linux-gnu/libdl-2.23.so (deleted)
7f4ff9811000-7f4ff9812000 rw-p 00003000 08:05 1587281                    /lib/x86_64-linux-gnu/libdl-2.23.so (deleted)
7f4ff9812000-7f4ff9827000 r-xp 00000000 08:05 1458877                    /usr/lib/jvm/java-8-oracle/lib/amd64/jli/libjli.so
7f4ff9827000-7f4ff9a27000 ---p 00015000 08:05 1458877                    /usr/lib/jvm/java-8-oracle/lib/amd64/jli/libjli.so
7f4ff9a27000-7f4ff9a28000 rw-p 00015000 08:05 1458877                    /usr/lib/jvm/java-8-oracle/lib/amd64/jli/libjli.so
7f4ff9a28000-7f4ff9a40000 r-xp 00000000 08:05 1587288                    /lib/x86_64-linux-gnu/libpthread-2.23.so (deleted)
7f4ff9a40000-7f4ff9c3f000 ---p 00018000 08:05 1587288                    /lib/x86_64-linux-gnu/libpthread-2.23.so (deleted)
7f4ff9c3f000-7f4ff9c40000 r--p 00017000 08:05 1587288                    /lib/x86_64-linux-gnu/libpthread-2.23.so (deleted)
7f4ff9c40000-7f4ff9c41000 rw-p 00018000 08:05 1587288                    /lib/x86_64-linux-gnu/libpthread-2.23.so (deleted)
7f4ff9c41000-7f4ff9c45000 rw-p 00000000 00:00 0 
7f4ff9c45000-7f4ff9c6b000 r-xp 00000000 08:05 1578583                    /lib/x86_64-linux-gnu/ld-2.23.so (deleted)
7f4ff9c6b000-7f4ff9c6c000 r--s 00000000 08:05 2892654                    /home/raditya/.gradle/wrapper/dists/gradle-2.14.1-all/8bnwg5hd3w55iofp58khbp6yv/gradle-2.14.1/lib/jcip-annotations-1.0.jar
7f4ff9c6c000-7f4ff9c6d000 r--s 00001000 08:05 2892646                    /home/raditya/.gradle/wrapper/dists/gradle-2.14.1-all/8bnwg5hd3w55iofp58khbp6yv/gradle-2.14.1/lib/gradle-process-services-2.14.1.jar
7f4ff9c6d000-7f4ff9c6e000 r--s 00000000 08:05 2892637                    /home/raditya/.gradle/wrapper/dists/gradle-2.14.1-all/8bnwg5hd3w55iofp58khbp6yv/gradle-2.14.1/lib/gradle-jvm-services-2.14.1.jar
7f4ff9c6e000-7f4ff9c73000 r--s 00041000 08:05 2892645                    /home/raditya/.gradle/wrapper/dists/gradle-2.14.1-all/8bnwg5hd3w55iofp58khbp6yv/gradle-2.14.1/lib/commons-lang-2.6.jar
7f4ff9c73000-7f4ff9c7b000 r--s 0003a000 08:05 2892636                    /home/raditya/.gradle/wrapper/dists/gradle-2.14.1-all/8bnwg5hd3w55iofp58khbp6yv/gradle-2.14.1/lib/gradle-base-services-2.14.1.jar
7f4ff9c7b000-7f4ff9d46000 rw-p 00000000 00:00 0 
7f4ff9d46000-7f4ff9d49000 ---p 00000000 00:00 0 
7f4ff9d49000-7f4ff9e4b000 rw-p 00000000 00:00 0 
7f4ff9e4b000-7f4ff9e4c000 r--s 00007000 08:05 2892643                    /home/raditya/.gradle/wrapper/dists/gradle-2.14.1-all/8bnwg5hd3w55iofp58khbp6yv/gradle-2.14.1/lib/slf4j-api-1.7.10.jar
7f4ff9e4c000-7f4ff9e4d000 r--s 00004000 08:05 2892667                    /home/raditya/.gradle/wrapper/dists/gradle-2.14.1-all/8bnwg5hd3w55iofp58khbp6yv/gradle-2.14.1/lib/ant-launcher-1.9.6.jar
7f4ff9e4d000-7f4ff9e58000 r--s 00051000 08:05 2892633                    /home/raditya/.gradle/wrapper/dists/gradle-2.14.1-all/8bnwg5hd3w55iofp58khbp6yv/gradle-2.14.1/lib/gradle-launcher-2.14.1.jar
7f4ff9e58000-7f4ff9e5c000 r--s 0009a000 08:05 1460037                    /usr/lib/jvm/java-8-oracle/jre/lib/jsse.jar
7f4ff9e5c000-7f4ff9e5e000 r--s 0000b000 08:07 765947                     /media/raditya/Data/HACKTIV8/Phase_3/final-project2/botram-react-native/android/gradle/wrapper/gradle-wrapper.jar
7f4ff9e5e000-7f4ff9e66000 rw-s 00000000 08:05 3428324                    /tmp/hsperfdata_raditya/8804
7f4ff9e66000-7f4ff9e67000 rw-p 00000000 00:00 0 
7f4ff9e67000-7f4ff9e68000 r--p 00000000 00:00 0 
7f4ff9e68000-7f4ff9e6a000 rw-p 00000000 00:00 0 
7f4ff9e6a000-7f4ff9e6b000 r--p 00025000 08:05 1578583                    /lib/x86_64-linux-gnu/ld-2.23.so (deleted)
7f4ff9e6b000-7f4ff9e6c000 rw-p 00026000 08:05 1578583                    /lib/x86_64-linux-gnu/ld-2.23.so (deleted)
7f4ff9e6c000-7f4ff9e6d000 rw-p 00000000 00:00 0 
7ffd8c323000-7ffd8c345000 rw-p 00000000 00:00 0                          [stack]
7ffd8c34d000-7ffd8c34f000 r--p 00000000 00:00 0                          [vvar]
7ffd8c34f000-7ffd8c351000 r-xp 00000000 00:00 0                          [vdso]
ffffffffff600000-ffffffffff601000 r-xp 00000000 00:00 0                  [vsyscall]

VM Arguments:
jvm_args: -Dorg.gradle.appname=gradlew 
java_command: org.gradle.wrapper.GradleWrapperMain installDebug
java_class_path (initial): /media/raditya/Data/HACKTIV8/Phase_3/final-project2/botram-react-native/android/gradle/wrapper/gradle-wrapper.jar
Launcher Type: SUN_STANDARD

Environment Variables:
JAVA_HOME=/usr/lib/jvm/java-8-oracle
PATH=/home/raditya/bin:/home/raditya/.local/bin:/usr/local/sbin:/usr/local/bin:/usr/sbin:/usr/bin:/sbin:/bin:/usr/games:/usr/local/games:/usr/lib/jvm/java-8-oracle/bin:/usr/lib/jvm/java-8-oracle/db/bin:/usr/lib/jvm/java-8-oracle/jre/bin:/home/raditya/Android/Sdk/tools:/home/raditya/Android/Sdk/platform-tools
SHELL=/usr/bin/zsh
DISPLAY=:0

Signal Handlers:
SIGSEGV: [libjvm.so+0xac78c0], sa_mask[0]=11111111011111111101111111111110, sa_flags=SA_RESTART|SA_SIGINFO
SIGBUS: [libjvm.so+0xac78c0], sa_mask[0]=11111111011111111101111111111110, sa_flags=SA_RESTART|SA_SIGINFO
SIGFPE: [libjvm.so+0x920ac0], sa_mask[0]=11111111011111111101111111111110, sa_flags=SA_RESTART|SA_SIGINFO
SIGPIPE: [libjvm.so+0x920ac0], sa_mask[0]=11111111011111111101111111111110, sa_flags=SA_RESTART|SA_SIGINFO
SIGXFSZ: [libjvm.so+0x920ac0], sa_mask[0]=11111111011111111101111111111110, sa_flags=SA_RESTART|SA_SIGINFO
SIGILL: [libjvm.so+0x920ac0], sa_mask[0]=11111111011111111101111111111110, sa_flags=SA_RESTART|SA_SIGINFO
SIGUSR1: SIG_DFL, sa_mask[0]=00000000000000000000000000000000, sa_flags=none
SIGUSR2: [libjvm.so+0x922300], sa_mask[0]=00000000000000000000000000000000, sa_flags=SA_RESTART|SA_SIGINFO
SIGHUP: [libjvm.so+0x923700], sa_mask[0]=11111111011111111101111111111110, sa_flags=SA_RESTART|SA_SIGINFO
SIGINT: [libjvm.so+0x923700], sa_mask[0]=11111111011111111101111111111110, sa_flags=SA_RESTART|SA_SIGINFO
SIGTERM: [libjvm.so+0x923700], sa_mask[0]=11111111011111111101111111111110, sa_flags=SA_RESTART|SA_SIGINFO
SIGQUIT: [libjvm.so+0x923700], sa_mask[0]=11111111011111111101111111111110, sa_flags=SA_RESTART|SA_SIGINFO


---------------  S Y S T E M  ---------------

OS:DISTRIB_ID="elementary"
DISTRIB_RELEASE=0.4
DISTRIB_CODENAME=loki
DISTRIB_DESCRIPTION="elementary OS 0.4 Loki"

uname:Linux 4.4.0-67-generic #88-Ubuntu SMP Wed Mar 8 16:34:45 UTC 2017 x86_64
libc:glibc 2.23 NPTL 2.23 
rlimit: STACK 8192k, CORE 0k, NPROC 31090, NOFILE 65536, AS infinity
load average:0,35 0,26 0,38

/proc/meminfo:
MemTotal:        8072476 kB
MemFree:         4331732 kB
MemAvailable:    5236804 kB
Buffers:          142164 kB
Cached:          1236504 kB
SwapCached:        76076 kB
Active:          2496948 kB
Inactive:         902204 kB
Active(anon):    1751340 kB
Inactive(anon):   573316 kB
Active(file):     745608 kB
Inactive(file):   328888 kB
Unevictable:         512 kB
Mlocked:             512 kB
SwapTotal:       8191996 kB
SwapFree:        7296576 kB
Dirty:               372 kB
Writeback:             0 kB
AnonPages:       1987092 kB
Mapped:           419936 kB
Shmem:            303816 kB
Slab:             194784 kB
SReclaimable:     108084 kB
SUnreclaim:        86700 kB
KernelStack:       12080 kB
PageTables:        58176 kB
NFS_Unstable:          0 kB
Bounce:                0 kB
WritebackTmp:          0 kB
CommitLimit:    12228232 kB
Committed_AS:    7576968 kB
VmallocTotal:   34359738367 kB
VmallocUsed:           0 kB
VmallocChunk:          0 kB
HardwareCorrupted:     0 kB
AnonHugePages:   1155072 kB
CmaTotal:              0 kB
CmaFree:               0 kB
HugePages_Total:       0
HugePages_Free:        0
HugePages_Rsvd:        0
HugePages_Surp:        0
Hugepagesize:       2048 kB
DirectMap4k:      569132 kB
DirectMap2M:     7716864 kB
DirectMap1G:     1048576 kB


CPU:total 4 (2 cores per cpu, 2 threads per core) family 6 model 61 stepping 4, cmov, cx8, fxsr, mmx, sse, sse2, sse3, ssse3, sse4.1, sse4.2, popcnt, avx, avx2, aes, clmul, erms, 3dnowpref, lzcnt, ht, tsc, tscinvbit, bmi1, bmi2, adx

/proc/cpuinfo:
processor	: 0
vendor_id	: GenuineIntel
cpu family	: 6
model		: 61
model name	: Intel(R) Core(TM) i5-5200U CPU @ 2.20GHz
stepping	: 4
microcode	: 0x22
cpu MHz		: 2499.921
cache size	: 3072 KB
physical id	: 0
siblings	: 4
core id		: 0
cpu cores	: 2
apicid		: 0
initial apicid	: 0
fpu		: yes
fpu_exception	: yes
cpuid level	: 20
wp		: yes
flags		: fpu vme de pse tsc msr pae mce cx8 apic sep mtrr pge mca cmov pat pse36 clflush dts acpi mmx fxsr sse sse2 ss ht tm pbe syscall nx pdpe1gb rdtscp lm constant_tsc arch_perfmon pebs bts rep_good nopl xtopology nonstop_tsc aperfmperf eagerfpu pni pclmulqdq dtes64 monitor ds_cpl vmx est tm2 ssse3 sdbg fma cx16 xtpr pdcm pcid sse4_1 sse4_2 x2apic movbe popcnt tsc_deadline_timer aes xsave avx f16c rdrand lahf_lm abm 3dnowprefetch epb intel_pt tpr_shadow vnmi flexpriority ept vpid fsgsbase tsc_adjust bmi1 avx2 smep bmi2 erms invpcid rdseed adx smap xsaveopt dtherm ida arat pln pts
bugs		:
bogomips	: 4389.64
clflush size	: 64
cache_alignment	: 64
address sizes	: 39 bits physical, 48 bits virtual
power management:

processor	: 1
vendor_id	: GenuineIntel
cpu family	: 6
model		: 61
model name	: Intel(R) Core(TM) i5-5200U CPU @ 2.20GHz
stepping	: 4
microcode	: 0x22
cpu MHz		: 2499.921
cache size	: 3072 KB
physical id	: 0
siblings	: 4
core id		: 1
cpu cores	: 2
apicid		: 2
initial apicid	: 2
fpu		: yes
fpu_exception	: yes
cpuid level	: 20
wp		: yes
flags		: fpu vme de pse tsc msr pae mce cx8 apic sep mtrr pge mca cmov pat pse36 clflush dts acpi mmx fxsr sse sse2 ss ht tm pbe syscall nx pdpe1gb rdtscp lm constant_tsc arch_perfmon pebs bts rep_good nopl xtopology nonstop_tsc aperfmperf eagerfpu pni pclmulqdq dtes64 monitor ds_cpl vmx est tm2 ssse3 sdbg fma cx16 xtpr pdcm pcid sse4_1 sse4_2 x2apic movbe popcnt tsc_deadline_timer aes xsave avx f16c rdrand lahf_lm abm 3dnowprefetch epb intel_pt tpr_shadow vnmi flexpriority ept vpid fsgsbase tsc_adjust bmi1 avx2 smep bmi2 erms invpcid rdseed adx smap xsaveopt dtherm ida arat pln pts
bugs		:
bogomips	: 4389.64
clflush size	: 64
cache_alignment	: 64
address sizes	: 39 bits physical, 48 bits virtual
power management:

processor	: 2
vendor_id	: GenuineIntel
cpu family	: 6
model		: 61
model name	: Intel(R) Core(TM) i5-5200U CPU @ 2.20GHz
stepping	: 4
microcode	: 0x22
cpu MHz		: 2499.921
cache size	: 3072 KB
physical id	: 0
siblings	: 4
core id		: 0
cpu cores	: 2
apicid		: 1
initial apicid	: 1
fpu		: yes
fpu_exception	: yes
cpuid level	: 20
wp		: yes
flags		: fpu vme de pse tsc msr pae mce cx8 apic sep mtrr pge mca cmov pat pse36 clflush dts acpi mmx fxsr sse sse2 ss ht tm pbe syscall nx pdpe1gb rdtscp lm constant_tsc arch_perfmon pebs bts rep_good nopl xtopology nonstop_tsc aperfmperf eagerfpu pni pclmulqdq dtes64 monitor ds_cpl vmx est tm2 ssse3 sdbg fma cx16 xtpr pdcm pcid sse4_1 sse4_2 x2apic movbe popcnt tsc_deadline_timer aes xsave avx f16c rdrand lahf_lm abm 3dnowprefetch epb intel_pt tpr_shadow vnmi flexpriority ept vpid fsgsbase tsc_adjust bmi1 avx2 smep bmi2 erms invpcid rdseed adx smap xsaveopt dtherm ida arat pln pts
bugs		:
bogomips	: 4389.64
clflush size	: 64
cache_alignment	: 64
address sizes	: 39 bits physical, 48 bits virtual
power management:

processor	: 3
vendor_id	: GenuineIntel
cpu family	: 6
model		: 61
model name	: Intel(R) Core(TM) i5-5200U CPU @ 2.20GHz
stepping	: 4
microcode	: 0x22
cpu MHz		: 2499.921
cache size	: 3072 KB
physical id	: 0
siblings	: 4
core id		: 1
cpu cores	: 2
apicid		: 3
initial apicid	: 3
fpu		: yes
fpu_exception	: yes
cpuid level	: 20
wp		: yes
flags		: fpu vme de pse tsc msr pae mce cx8 apic sep mtrr pge mca cmov pat pse36 clflush dts acpi mmx fxsr sse sse2 ss ht tm pbe syscall nx pdpe1gb rdtscp lm constant_tsc arch_perfmon pebs bts rep_good nopl xtopology nonstop_tsc aperfmperf eagerfpu pni pclmulqdq dtes64 monitor ds_cpl vmx est tm2 ssse3 sdbg fma cx16 xtpr pdcm pcid sse4_1 sse4_2 x2apic movbe popcnt tsc_deadline_timer aes xsave avx f16c rdrand lahf_lm abm 3dnowprefetch epb intel_pt tpr_shadow vnmi flexpriority ept vpid fsgsbase tsc_adjust bmi1 avx2 smep bmi2 erms invpcid rdseed adx smap xsaveopt dtherm ida arat pln pts
bugs		:
bogomips	: 4389.64
clflush size	: 64
cache_alignment	: 64
address sizes	: 39 bits physical, 48 bits virtual
power management:



Memory: 4k page, physical 8072476k(4331732k free), swap 8191996k(7296628k free)

vm_info: Java HotSpot(TM) 64-Bit Server VM (25.121-b13) for linux-amd64 JRE (1.8.0_121-b13), built on Dec 12 2016 16:36:53 by "java_re" with gcc 4.3.0 20080428 (Red Hat 4.3.0-8)

time: Wed Mar 22 09:55:04 2017
elapsed time: 13547 seconds (0d 3h 45m 47s)

